<!DOCTYPE html>

<html>
  <head>
  <meta charset='utf-8'>
  <title>TestNG reports</title>

    <link type="text/css" href="testng-reports.css" rel="stylesheet" />
    <script type="text/javascript" src="jquery-1.7.1.min.js"></script>
    <script type="text/javascript" src="testng-reports.js"></script>
    <script type="text/javascript" src="https://www.google.com/jsapi"></script>
    <script type='text/javascript'>
      google.load('visualization', '1', {packages:['table']});
      google.setOnLoadCallback(drawTable);
      var suiteTableInitFunctions = new Array();
      var suiteTableData = new Array();
    </script>
    <!--
      <script type="text/javascript" src="jquery-ui/js/jquery-ui-1.8.16.custom.min.js"></script>
     -->
  </head>

  <body>
    <div class="top-banner-root">
      <span class="top-banner-title-font">Test results</span>
      <br/>
      <span class="top-banner-font-1">1 suite</span>
    </div> <!-- top-banner-root -->
    <div class="navigator-root">
      <div class="navigator-suite-header">
        <span>All suites</span>
        <a href="#" class="collapse-all-link" title="Collapse/expand all the suites">
          <img class="collapse-all-icon" src="collapseall.gif">
          </img> <!-- collapse-all-icon -->
        </a> <!-- collapse-all-link -->
      </div> <!-- navigator-suite-header -->
      <div class="suite">
        <div class="rounded-window">
          <div class="suite-header light-rounded-window-top">
            <a href="#" class="navigator-link" panel-name="suite-TC_001">
              <span class="suite-name border-skipped">TC_001</span>
            </a> <!-- navigator-link -->
          </div> <!-- suite-header light-rounded-window-top -->
          <div class="navigator-suite-content">
            <div class="suite-section-title">
              <span>Info</span>
            </div> <!-- suite-section-title -->
            <div class="suite-section-content">
              <ul>
                <li>
                  <a href="#" class="navigator-link " panel-name="test-xml-TC_001">
                    <span>testng.xml</span>
                  </a> <!-- navigator-link  -->
                </li>
                <li>
                  <a href="#" class="navigator-link " panel-name="testlist-TC_001">
                    <span class="test-stats">1 test</span>
                  </a> <!-- navigator-link  -->
                </li>
                <li>
                  <a href="#" class="navigator-link " panel-name="group-TC_001">
                    <span>0 groups</span>
                  </a> <!-- navigator-link  -->
                </li>
                <li>
                  <a href="#" class="navigator-link " panel-name="times-TC_001">
                    <span>Times</span>
                  </a> <!-- navigator-link  -->
                </li>
                <li>
                  <a href="#" class="navigator-link " panel-name="reporter-TC_001">
                    <span>Reporter output</span>
                  </a> <!-- navigator-link  -->
                </li>
                <li>
                  <a href="#" class="navigator-link " panel-name="ignored-methods-TC_001">
                    <span>Ignored methods</span>
                  </a> <!-- navigator-link  -->
                </li>
                <li>
                  <a href="#" class="navigator-link " panel-name="chronological-TC_001">
                    <span>Chronological view</span>
                  </a> <!-- navigator-link  -->
                </li>
              </ul>
            </div> <!-- suite-section-content -->
            <div class="result-section">
              <div class="suite-section-title">
                <span>Results</span>
              </div> <!-- suite-section-title -->
              <div class="suite-section-content">
                <ul>
                  <li>
                    <span class="method-stats">11 methods,  11 skipped,  </span>
                  </li>
                  <li>
                    <span class="method-list-title skipped">Skipped methods</span>
                    <span class="show-or-hide-methods skipped">
                      <a href="#" panel-name="suite-TC_001" class="hide-methods skipped suite-TC_001"> (hide)</a> <!-- hide-methods skipped suite-TC_001 -->
                      <a href="#" panel-name="suite-TC_001" class="show-methods skipped suite-TC_001"> (show)</a> <!-- show-methods skipped suite-TC_001 -->
                    </span>
                    <div class="method-list-content skipped suite-TC_001">
                      <span>
                        <img width="3%" src="skipped.png"/>
                        <a href="#" class="method navigator-link" panel-name="suite-TC_001" title="com.test.uat.TC_01_Bet.ID_07_Cashout" hash-for-method="betCashout">betCashout</a> <!-- method navigator-link -->
                      </span>
                      <br/>
                      <span>
                        <img width="3%" src="skipped.png"/>
                        <a href="#" class="method navigator-link" panel-name="suite-TC_001" title="com.test.uat.TC_02_Sumo.UI.ID_01_Promotions" hash-for-method="checkTable">checkTable</a> <!-- method navigator-link -->
                      </span>
                      <br/>
                      <span>
                        <img width="3%" src="skipped.png"/>
                        <a href="#" class="method navigator-link" panel-name="suite-TC_001" title="com.test.uat.TC_01_Bet.ID_02_ExternalLogin" hash-for-method="externalLogin">externalLogin</a> <!-- method navigator-link -->
                      </span>
                      <br/>
                      <span>
                        <img width="3%" src="skipped.png"/>
                        <a href="#" class="method navigator-link" panel-name="suite-TC_001" title="com.test.uat.TC_01_Bet.ID_05_GetBetStatus" hash-for-method="getBetStatus">getBetStatus</a> <!-- method navigator-link -->
                      </span>
                      <br/>
                      <span>
                        <img width="3%" src="skipped.png"/>
                        <a href="#" class="method navigator-link" panel-name="suite-TC_001" title="com.test.uat.TC_01_Bet.ID_03_GetOpenBets" hash-for-method="getOpenBets">getOpenBets</a> <!-- method navigator-link -->
                      </span>
                      <br/>
                      <span>
                        <img width="3%" src="skipped.png"/>
                        <a href="#" class="method navigator-link" panel-name="suite-TC_001" title="com.test.uat.TC_01_Bet.ID_08_GetSportsTree" hash-for-method="getSportsTree">getSportsTree</a> <!-- method navigator-link -->
                      </span>
                      <br/>
                      <span>
                        <img width="3%" src="skipped.png"/>
                        <a href="#" class="method navigator-link" panel-name="suite-TC_001" title="com.test.uat.TC_01_Bet.ID_01_LogIn" hash-for-method="loginRam">loginRam</a> <!-- method navigator-link -->
                      </span>
                      <br/>
                      <span>
                        <img width="3%" src="skipped.png"/>
                        <a href="#" class="method navigator-link" panel-name="suite-TC_001" title="com.test.uat.TC_02_Sumo.UI.ID_01_Promotions" hash-for-method="noSelectionBtnState">noSelectionBtnState</a> <!-- method navigator-link -->
                      </span>
                      <br/>
                      <span>
                        <img width="3%" src="skipped.png"/>
                        <a href="#" class="method navigator-link" panel-name="suite-TC_001" title="com.test.uat.TC_02_Sumo.UI.ID_01_Promotions" hash-for-method="openSumoHomePage">openSumoHomePage</a> <!-- method navigator-link -->
                      </span>
                      <br/>
                      <span>
                        <img width="3%" src="skipped.png"/>
                        <a href="#" class="method navigator-link" panel-name="suite-TC_001" title="com.test.uat.TC_01_Bet.ID_04_PlaceBet" hash-for-method="placeBet">placeBet</a> <!-- method navigator-link -->
                      </span>
                      <br/>
                      <span>
                        <img width="3%" src="skipped.png"/>
                        <a href="#" class="method navigator-link" panel-name="suite-TC_001" title="com.test.uat.TC_02_Sumo.UI.ID_01_Promotions" hash-for-method="selectionBtnState">selectionBtnState</a> <!-- method navigator-link -->
                      </span>
                      <br/>
                    </div> <!-- method-list-content skipped suite-TC_001 -->
                  </li>
                </ul>
              </div> <!-- suite-section-content -->
            </div> <!-- result-section -->
          </div> <!-- navigator-suite-content -->
        </div> <!-- rounded-window -->
      </div> <!-- suite -->
    </div> <!-- navigator-root -->
    <div class="wrapper">
      <div class="main-panel-root">
        <div panel-name="suite-TC_001" class="panel TC_001">
          <div class="suite-TC_001-class-skipped">
            <div class="main-panel-header rounded-window-top">
              <img src="skipped.png"/>
              <span class="class-name">com.test.uat.TC_01_Bet.ID_02_ExternalLogin</span>
            </div> <!-- main-panel-header rounded-window-top -->
            <div class="main-panel-content rounded-window-bottom">
              <div class="method">
                <div class="method-content">
                  <a name="externalLogin">
                  </a> <!-- externalLogin -->
                  <span class="method-name">externalLogin</span>
                  <div class="stack-trace">java.lang.ExceptionInInitializerError
	at javax.crypto.JceSecurityManager.&lt;clinit&gt;(JceSecurityManager.java:65)
	at javax.crypto.Cipher.getConfiguredPermission(Cipher.java:2586)
	at javax.crypto.Cipher.getMaxAllowedKeyLength(Cipher.java:2610)
	at sun.security.ssl.CipherSuite$BulkCipher.isUnlimited(CipherSuite.java:535)
	at sun.security.ssl.CipherSuite$BulkCipher.&lt;init&gt;(CipherSuite.java:507)
	at sun.security.ssl.CipherSuite.&lt;clinit&gt;(CipherSuite.java:614)
	at sun.security.ssl.SSLContextImpl.getApplicableSupportedCipherSuiteList(SSLContextImpl.java:294)
	at sun.security.ssl.SSLContextImpl.access$100(SSLContextImpl.java:42)
	at sun.security.ssl.SSLContextImpl$AbstractTLSContext.&lt;clinit&gt;(SSLContextImpl.java:529)
	at java.lang.Class.forName0(Native Method)
	at java.lang.Class.forName(Class.java:264)
	at java.security.Provider$Service.getImplClass(Provider.java:1634)
	at java.security.Provider$Service.newInstance(Provider.java:1592)
	at sun.security.jca.GetInstance.getInstance(GetInstance.java:236)
	at sun.security.jca.GetInstance.getInstance(GetInstance.java:164)
	at javax.net.ssl.SSLContext.getInstance(SSLContext.java:156)
	at okhttp3.internal.platform.Platform.newSSLContext(Platform.kt:79)
	at okhttp3.OkHttpClient$Companion.newSslSocketFactory(OkHttpClient.kt:955)
	at okhttp3.OkHttpClient$Companion.access$newSslSocketFactory(OkHttpClient.kt:947)
	at okhttp3.OkHttpClient.&lt;init&gt;(OkHttpClient.kt:213)
	at okhttp3.OkHttpClient$Builder.build(OkHttpClient.kt:944)
	at org.openqa.selenium.remote.internal.OkHttpClient$Factory.createClient(OkHttpClient.java:163)
	at org.openqa.selenium.remote.HttpCommandExecutor.&lt;init&gt;(HttpCommandExecutor.java:89)
	at org.openqa.selenium.remote.HttpCommandExecutor.&lt;init&gt;(HttpCommandExecutor.java:72)
	at org.openqa.selenium.remote.service.DriverCommandExecutor.&lt;init&gt;(DriverCommandExecutor.java:63)
	at org.openqa.selenium.chrome.ChromeDriverCommandExecutor.&lt;init&gt;(ChromeDriverCommandExecutor.java:40)
	at org.openqa.selenium.chrome.ChromeDriver.&lt;init&gt;(ChromeDriver.java:174)
	at org.openqa.selenium.chrome.ChromeDriver.&lt;init&gt;(ChromeDriver.java:163)
	at org.openqa.selenium.chrome.ChromeDriver.&lt;init&gt;(ChromeDriver.java:120)
	at com.setup.BasicSetup.setup(BasicSetup.java:104)
	at sun.reflect.NativeMethodAccessorImpl.invoke0(Native Method)
	at sun.reflect.NativeMethodAccessorImpl.invoke(NativeMethodAccessorImpl.java:62)
	at sun.reflect.DelegatingMethodAccessorImpl.invoke(DelegatingMethodAccessorImpl.java:43)
	at java.lang.reflect.Method.invoke(Method.java:498)
	at org.testng.internal.MethodInvocationHelper.invokeMethod(MethodInvocationHelper.java:124)
	at org.testng.internal.MethodInvocationHelper.invokeMethodConsideringTimeout(MethodInvocationHelper.java:59)
	at org.testng.internal.Invoker.invokeConfigurationMethod(Invoker.java:455)
	at org.testng.internal.Invoker.invokeConfigurations(Invoker.java:222)
	at org.testng.internal.Invoker.invokeConfigurations(Invoker.java:142)
	at org.testng.SuiteRunner.privateRun(SuiteRunner.java:401)
	at org.testng.SuiteRunner.run(SuiteRunner.java:364)
	at org.testng.SuiteRunnerWorker.runSuite(SuiteRunnerWorker.java:52)
	at org.testng.SuiteRunnerWorker.run(SuiteRunnerWorker.java:84)
	at org.testng.TestNG.runSuitesSequentially(TestNG.java:1208)
	at org.testng.TestNG.runSuitesLocally(TestNG.java:1137)
	at org.testng.TestNG.runSuites(TestNG.java:1049)
	at org.testng.TestNG.run(TestNG.java:1017)
	at com.setup.ConsoleRunner.main(ConsoleRunner.java:79)
Caused by: java.lang.SecurityException: Can not initialize cryptographic mechanism
	at javax.crypto.JceSecurity.&lt;clinit&gt;(JceSecurity.java:93)
	... 48 more
Caused by: java.lang.SecurityException: Cannot locate policy or framework files!
	at javax.crypto.JceSecurity.setupJurisdictionPolicies(JceSecurity.java:316)
	at javax.crypto.JceSecurity.access$000(JceSecurity.java:50)
	at javax.crypto.JceSecurity$1.run(JceSecurity.java:85)
	at java.security.AccessController.doPrivileged(Native Method)
	at javax.crypto.JceSecurity.&lt;clinit&gt;(JceSecurity.java:82)
	... 48 more

</div> <!-- stack-trace -->
                </div> <!-- method-content -->
              </div> <!-- method -->
            </div> <!-- main-panel-content rounded-window-bottom -->
          </div> <!-- suite-TC_001-class-skipped -->
          <div class="suite-TC_001-class-skipped">
            <div class="main-panel-header rounded-window-top">
              <img src="skipped.png"/>
              <span class="class-name">com.test.uat.TC_01_Bet.ID_03_GetOpenBets</span>
            </div> <!-- main-panel-header rounded-window-top -->
            <div class="main-panel-content rounded-window-bottom">
              <div class="method">
                <div class="method-content">
                  <a name="getOpenBets">
                  </a> <!-- getOpenBets -->
                  <span class="method-name">getOpenBets</span>
                  <div class="stack-trace">java.lang.ExceptionInInitializerError
	at javax.crypto.JceSecurityManager.&lt;clinit&gt;(JceSecurityManager.java:65)
	at javax.crypto.Cipher.getConfiguredPermission(Cipher.java:2586)
	at javax.crypto.Cipher.getMaxAllowedKeyLength(Cipher.java:2610)
	at sun.security.ssl.CipherSuite$BulkCipher.isUnlimited(CipherSuite.java:535)
	at sun.security.ssl.CipherSuite$BulkCipher.&lt;init&gt;(CipherSuite.java:507)
	at sun.security.ssl.CipherSuite.&lt;clinit&gt;(CipherSuite.java:614)
	at sun.security.ssl.SSLContextImpl.getApplicableSupportedCipherSuiteList(SSLContextImpl.java:294)
	at sun.security.ssl.SSLContextImpl.access$100(SSLContextImpl.java:42)
	at sun.security.ssl.SSLContextImpl$AbstractTLSContext.&lt;clinit&gt;(SSLContextImpl.java:529)
	at java.lang.Class.forName0(Native Method)
	at java.lang.Class.forName(Class.java:264)
	at java.security.Provider$Service.getImplClass(Provider.java:1634)
	at java.security.Provider$Service.newInstance(Provider.java:1592)
	at sun.security.jca.GetInstance.getInstance(GetInstance.java:236)
	at sun.security.jca.GetInstance.getInstance(GetInstance.java:164)
	at javax.net.ssl.SSLContext.getInstance(SSLContext.java:156)
	at okhttp3.internal.platform.Platform.newSSLContext(Platform.kt:79)
	at okhttp3.OkHttpClient$Companion.newSslSocketFactory(OkHttpClient.kt:955)
	at okhttp3.OkHttpClient$Companion.access$newSslSocketFactory(OkHttpClient.kt:947)
	at okhttp3.OkHttpClient.&lt;init&gt;(OkHttpClient.kt:213)
	at okhttp3.OkHttpClient$Builder.build(OkHttpClient.kt:944)
	at org.openqa.selenium.remote.internal.OkHttpClient$Factory.createClient(OkHttpClient.java:163)
	at org.openqa.selenium.remote.HttpCommandExecutor.&lt;init&gt;(HttpCommandExecutor.java:89)
	at org.openqa.selenium.remote.HttpCommandExecutor.&lt;init&gt;(HttpCommandExecutor.java:72)
	at org.openqa.selenium.remote.service.DriverCommandExecutor.&lt;init&gt;(DriverCommandExecutor.java:63)
	at org.openqa.selenium.chrome.ChromeDriverCommandExecutor.&lt;init&gt;(ChromeDriverCommandExecutor.java:40)
	at org.openqa.selenium.chrome.ChromeDriver.&lt;init&gt;(ChromeDriver.java:174)
	at org.openqa.selenium.chrome.ChromeDriver.&lt;init&gt;(ChromeDriver.java:163)
	at org.openqa.selenium.chrome.ChromeDriver.&lt;init&gt;(ChromeDriver.java:120)
	at com.setup.BasicSetup.setup(BasicSetup.java:104)
	at sun.reflect.NativeMethodAccessorImpl.invoke0(Native Method)
	at sun.reflect.NativeMethodAccessorImpl.invoke(NativeMethodAccessorImpl.java:62)
	at sun.reflect.DelegatingMethodAccessorImpl.invoke(DelegatingMethodAccessorImpl.java:43)
	at java.lang.reflect.Method.invoke(Method.java:498)
	at org.testng.internal.MethodInvocationHelper.invokeMethod(MethodInvocationHelper.java:124)
	at org.testng.internal.MethodInvocationHelper.invokeMethodConsideringTimeout(MethodInvocationHelper.java:59)
	at org.testng.internal.Invoker.invokeConfigurationMethod(Invoker.java:455)
	at org.testng.internal.Invoker.invokeConfigurations(Invoker.java:222)
	at org.testng.internal.Invoker.invokeConfigurations(Invoker.java:142)
	at org.testng.SuiteRunner.privateRun(SuiteRunner.java:401)
	at org.testng.SuiteRunner.run(SuiteRunner.java:364)
	at org.testng.SuiteRunnerWorker.runSuite(SuiteRunnerWorker.java:52)
	at org.testng.SuiteRunnerWorker.run(SuiteRunnerWorker.java:84)
	at org.testng.TestNG.runSuitesSequentially(TestNG.java:1208)
	at org.testng.TestNG.runSuitesLocally(TestNG.java:1137)
	at org.testng.TestNG.runSuites(TestNG.java:1049)
	at org.testng.TestNG.run(TestNG.java:1017)
	at com.setup.ConsoleRunner.main(ConsoleRunner.java:79)
Caused by: java.lang.SecurityException: Can not initialize cryptographic mechanism
	at javax.crypto.JceSecurity.&lt;clinit&gt;(JceSecurity.java:93)
	... 48 more
Caused by: java.lang.SecurityException: Cannot locate policy or framework files!
	at javax.crypto.JceSecurity.setupJurisdictionPolicies(JceSecurity.java:316)
	at javax.crypto.JceSecurity.access$000(JceSecurity.java:50)
	at javax.crypto.JceSecurity$1.run(JceSecurity.java:85)
	at java.security.AccessController.doPrivileged(Native Method)
	at javax.crypto.JceSecurity.&lt;clinit&gt;(JceSecurity.java:82)
	... 48 more

</div> <!-- stack-trace -->
                </div> <!-- method-content -->
              </div> <!-- method -->
            </div> <!-- main-panel-content rounded-window-bottom -->
          </div> <!-- suite-TC_001-class-skipped -->
          <div class="suite-TC_001-class-skipped">
            <div class="main-panel-header rounded-window-top">
              <img src="skipped.png"/>
              <span class="class-name">com.test.uat.TC_01_Bet.ID_08_GetSportsTree</span>
            </div> <!-- main-panel-header rounded-window-top -->
            <div class="main-panel-content rounded-window-bottom">
              <div class="method">
                <div class="method-content">
                  <a name="getSportsTree">
                  </a> <!-- getSportsTree -->
                  <span class="method-name">getSportsTree</span>
                  <div class="stack-trace">java.lang.ExceptionInInitializerError
	at javax.crypto.JceSecurityManager.&lt;clinit&gt;(JceSecurityManager.java:65)
	at javax.crypto.Cipher.getConfiguredPermission(Cipher.java:2586)
	at javax.crypto.Cipher.getMaxAllowedKeyLength(Cipher.java:2610)
	at sun.security.ssl.CipherSuite$BulkCipher.isUnlimited(CipherSuite.java:535)
	at sun.security.ssl.CipherSuite$BulkCipher.&lt;init&gt;(CipherSuite.java:507)
	at sun.security.ssl.CipherSuite.&lt;clinit&gt;(CipherSuite.java:614)
	at sun.security.ssl.SSLContextImpl.getApplicableSupportedCipherSuiteList(SSLContextImpl.java:294)
	at sun.security.ssl.SSLContextImpl.access$100(SSLContextImpl.java:42)
	at sun.security.ssl.SSLContextImpl$AbstractTLSContext.&lt;clinit&gt;(SSLContextImpl.java:529)
	at java.lang.Class.forName0(Native Method)
	at java.lang.Class.forName(Class.java:264)
	at java.security.Provider$Service.getImplClass(Provider.java:1634)
	at java.security.Provider$Service.newInstance(Provider.java:1592)
	at sun.security.jca.GetInstance.getInstance(GetInstance.java:236)
	at sun.security.jca.GetInstance.getInstance(GetInstance.java:164)
	at javax.net.ssl.SSLContext.getInstance(SSLContext.java:156)
	at okhttp3.internal.platform.Platform.newSSLContext(Platform.kt:79)
	at okhttp3.OkHttpClient$Companion.newSslSocketFactory(OkHttpClient.kt:955)
	at okhttp3.OkHttpClient$Companion.access$newSslSocketFactory(OkHttpClient.kt:947)
	at okhttp3.OkHttpClient.&lt;init&gt;(OkHttpClient.kt:213)
	at okhttp3.OkHttpClient$Builder.build(OkHttpClient.kt:944)
	at org.openqa.selenium.remote.internal.OkHttpClient$Factory.createClient(OkHttpClient.java:163)
	at org.openqa.selenium.remote.HttpCommandExecutor.&lt;init&gt;(HttpCommandExecutor.java:89)
	at org.openqa.selenium.remote.HttpCommandExecutor.&lt;init&gt;(HttpCommandExecutor.java:72)
	at org.openqa.selenium.remote.service.DriverCommandExecutor.&lt;init&gt;(DriverCommandExecutor.java:63)
	at org.openqa.selenium.chrome.ChromeDriverCommandExecutor.&lt;init&gt;(ChromeDriverCommandExecutor.java:40)
	at org.openqa.selenium.chrome.ChromeDriver.&lt;init&gt;(ChromeDriver.java:174)
	at org.openqa.selenium.chrome.ChromeDriver.&lt;init&gt;(ChromeDriver.java:163)
	at org.openqa.selenium.chrome.ChromeDriver.&lt;init&gt;(ChromeDriver.java:120)
	at com.setup.BasicSetup.setup(BasicSetup.java:104)
	at sun.reflect.NativeMethodAccessorImpl.invoke0(Native Method)
	at sun.reflect.NativeMethodAccessorImpl.invoke(NativeMethodAccessorImpl.java:62)
	at sun.reflect.DelegatingMethodAccessorImpl.invoke(DelegatingMethodAccessorImpl.java:43)
	at java.lang.reflect.Method.invoke(Method.java:498)
	at org.testng.internal.MethodInvocationHelper.invokeMethod(MethodInvocationHelper.java:124)
	at org.testng.internal.MethodInvocationHelper.invokeMethodConsideringTimeout(MethodInvocationHelper.java:59)
	at org.testng.internal.Invoker.invokeConfigurationMethod(Invoker.java:455)
	at org.testng.internal.Invoker.invokeConfigurations(Invoker.java:222)
	at org.testng.internal.Invoker.invokeConfigurations(Invoker.java:142)
	at org.testng.SuiteRunner.privateRun(SuiteRunner.java:401)
	at org.testng.SuiteRunner.run(SuiteRunner.java:364)
	at org.testng.SuiteRunnerWorker.runSuite(SuiteRunnerWorker.java:52)
	at org.testng.SuiteRunnerWorker.run(SuiteRunnerWorker.java:84)
	at org.testng.TestNG.runSuitesSequentially(TestNG.java:1208)
	at org.testng.TestNG.runSuitesLocally(TestNG.java:1137)
	at org.testng.TestNG.runSuites(TestNG.java:1049)
	at org.testng.TestNG.run(TestNG.java:1017)
	at com.setup.ConsoleRunner.main(ConsoleRunner.java:79)
Caused by: java.lang.SecurityException: Can not initialize cryptographic mechanism
	at javax.crypto.JceSecurity.&lt;clinit&gt;(JceSecurity.java:93)
	... 48 more
Caused by: java.lang.SecurityException: Cannot locate policy or framework files!
	at javax.crypto.JceSecurity.setupJurisdictionPolicies(JceSecurity.java:316)
	at javax.crypto.JceSecurity.access$000(JceSecurity.java:50)
	at javax.crypto.JceSecurity$1.run(JceSecurity.java:85)
	at java.security.AccessController.doPrivileged(Native Method)
	at javax.crypto.JceSecurity.&lt;clinit&gt;(JceSecurity.java:82)
	... 48 more

</div> <!-- stack-trace -->
                </div> <!-- method-content -->
              </div> <!-- method -->
            </div> <!-- main-panel-content rounded-window-bottom -->
          </div> <!-- suite-TC_001-class-skipped -->
          <div class="suite-TC_001-class-skipped">
            <div class="main-panel-header rounded-window-top">
              <img src="skipped.png"/>
              <span class="class-name">com.test.uat.TC_01_Bet.ID_07_Cashout</span>
            </div> <!-- main-panel-header rounded-window-top -->
            <div class="main-panel-content rounded-window-bottom">
              <div class="method">
                <div class="method-content">
                  <a name="betCashout">
                  </a> <!-- betCashout -->
                  <span class="method-name">betCashout</span>
                  <div class="stack-trace">java.lang.ExceptionInInitializerError
	at javax.crypto.JceSecurityManager.&lt;clinit&gt;(JceSecurityManager.java:65)
	at javax.crypto.Cipher.getConfiguredPermission(Cipher.java:2586)
	at javax.crypto.Cipher.getMaxAllowedKeyLength(Cipher.java:2610)
	at sun.security.ssl.CipherSuite$BulkCipher.isUnlimited(CipherSuite.java:535)
	at sun.security.ssl.CipherSuite$BulkCipher.&lt;init&gt;(CipherSuite.java:507)
	at sun.security.ssl.CipherSuite.&lt;clinit&gt;(CipherSuite.java:614)
	at sun.security.ssl.SSLContextImpl.getApplicableSupportedCipherSuiteList(SSLContextImpl.java:294)
	at sun.security.ssl.SSLContextImpl.access$100(SSLContextImpl.java:42)
	at sun.security.ssl.SSLContextImpl$AbstractTLSContext.&lt;clinit&gt;(SSLContextImpl.java:529)
	at java.lang.Class.forName0(Native Method)
	at java.lang.Class.forName(Class.java:264)
	at java.security.Provider$Service.getImplClass(Provider.java:1634)
	at java.security.Provider$Service.newInstance(Provider.java:1592)
	at sun.security.jca.GetInstance.getInstance(GetInstance.java:236)
	at sun.security.jca.GetInstance.getInstance(GetInstance.java:164)
	at javax.net.ssl.SSLContext.getInstance(SSLContext.java:156)
	at okhttp3.internal.platform.Platform.newSSLContext(Platform.kt:79)
	at okhttp3.OkHttpClient$Companion.newSslSocketFactory(OkHttpClient.kt:955)
	at okhttp3.OkHttpClient$Companion.access$newSslSocketFactory(OkHttpClient.kt:947)
	at okhttp3.OkHttpClient.&lt;init&gt;(OkHttpClient.kt:213)
	at okhttp3.OkHttpClient$Builder.build(OkHttpClient.kt:944)
	at org.openqa.selenium.remote.internal.OkHttpClient$Factory.createClient(OkHttpClient.java:163)
	at org.openqa.selenium.remote.HttpCommandExecutor.&lt;init&gt;(HttpCommandExecutor.java:89)
	at org.openqa.selenium.remote.HttpCommandExecutor.&lt;init&gt;(HttpCommandExecutor.java:72)
	at org.openqa.selenium.remote.service.DriverCommandExecutor.&lt;init&gt;(DriverCommandExecutor.java:63)
	at org.openqa.selenium.chrome.ChromeDriverCommandExecutor.&lt;init&gt;(ChromeDriverCommandExecutor.java:40)
	at org.openqa.selenium.chrome.ChromeDriver.&lt;init&gt;(ChromeDriver.java:174)
	at org.openqa.selenium.chrome.ChromeDriver.&lt;init&gt;(ChromeDriver.java:163)
	at org.openqa.selenium.chrome.ChromeDriver.&lt;init&gt;(ChromeDriver.java:120)
	at com.setup.BasicSetup.setup(BasicSetup.java:104)
	at sun.reflect.NativeMethodAccessorImpl.invoke0(Native Method)
	at sun.reflect.NativeMethodAccessorImpl.invoke(NativeMethodAccessorImpl.java:62)
	at sun.reflect.DelegatingMethodAccessorImpl.invoke(DelegatingMethodAccessorImpl.java:43)
	at java.lang.reflect.Method.invoke(Method.java:498)
	at org.testng.internal.MethodInvocationHelper.invokeMethod(MethodInvocationHelper.java:124)
	at org.testng.internal.MethodInvocationHelper.invokeMethodConsideringTimeout(MethodInvocationHelper.java:59)
	at org.testng.internal.Invoker.invokeConfigurationMethod(Invoker.java:455)
	at org.testng.internal.Invoker.invokeConfigurations(Invoker.java:222)
	at org.testng.internal.Invoker.invokeConfigurations(Invoker.java:142)
	at org.testng.SuiteRunner.privateRun(SuiteRunner.java:401)
	at org.testng.SuiteRunner.run(SuiteRunner.java:364)
	at org.testng.SuiteRunnerWorker.runSuite(SuiteRunnerWorker.java:52)
	at org.testng.SuiteRunnerWorker.run(SuiteRunnerWorker.java:84)
	at org.testng.TestNG.runSuitesSequentially(TestNG.java:1208)
	at org.testng.TestNG.runSuitesLocally(TestNG.java:1137)
	at org.testng.TestNG.runSuites(TestNG.java:1049)
	at org.testng.TestNG.run(TestNG.java:1017)
	at com.setup.ConsoleRunner.main(ConsoleRunner.java:79)
Caused by: java.lang.SecurityException: Can not initialize cryptographic mechanism
	at javax.crypto.JceSecurity.&lt;clinit&gt;(JceSecurity.java:93)
	... 48 more
Caused by: java.lang.SecurityException: Cannot locate policy or framework files!
	at javax.crypto.JceSecurity.setupJurisdictionPolicies(JceSecurity.java:316)
	at javax.crypto.JceSecurity.access$000(JceSecurity.java:50)
	at javax.crypto.JceSecurity$1.run(JceSecurity.java:85)
	at java.security.AccessController.doPrivileged(Native Method)
	at javax.crypto.JceSecurity.&lt;clinit&gt;(JceSecurity.java:82)
	... 48 more

</div> <!-- stack-trace -->
                </div> <!-- method-content -->
              </div> <!-- method -->
            </div> <!-- main-panel-content rounded-window-bottom -->
          </div> <!-- suite-TC_001-class-skipped -->
          <div class="suite-TC_001-class-skipped">
            <div class="main-panel-header rounded-window-top">
              <img src="skipped.png"/>
              <span class="class-name">com.test.uat.TC_01_Bet.ID_04_PlaceBet</span>
            </div> <!-- main-panel-header rounded-window-top -->
            <div class="main-panel-content rounded-window-bottom">
              <div class="method">
                <div class="method-content">
                  <a name="placeBet">
                  </a> <!-- placeBet -->
                  <span class="method-name">placeBet</span>
                  <div class="stack-trace">java.lang.ExceptionInInitializerError
	at javax.crypto.JceSecurityManager.&lt;clinit&gt;(JceSecurityManager.java:65)
	at javax.crypto.Cipher.getConfiguredPermission(Cipher.java:2586)
	at javax.crypto.Cipher.getMaxAllowedKeyLength(Cipher.java:2610)
	at sun.security.ssl.CipherSuite$BulkCipher.isUnlimited(CipherSuite.java:535)
	at sun.security.ssl.CipherSuite$BulkCipher.&lt;init&gt;(CipherSuite.java:507)
	at sun.security.ssl.CipherSuite.&lt;clinit&gt;(CipherSuite.java:614)
	at sun.security.ssl.SSLContextImpl.getApplicableSupportedCipherSuiteList(SSLContextImpl.java:294)
	at sun.security.ssl.SSLContextImpl.access$100(SSLContextImpl.java:42)
	at sun.security.ssl.SSLContextImpl$AbstractTLSContext.&lt;clinit&gt;(SSLContextImpl.java:529)
	at java.lang.Class.forName0(Native Method)
	at java.lang.Class.forName(Class.java:264)
	at java.security.Provider$Service.getImplClass(Provider.java:1634)
	at java.security.Provider$Service.newInstance(Provider.java:1592)
	at sun.security.jca.GetInstance.getInstance(GetInstance.java:236)
	at sun.security.jca.GetInstance.getInstance(GetInstance.java:164)
	at javax.net.ssl.SSLContext.getInstance(SSLContext.java:156)
	at okhttp3.internal.platform.Platform.newSSLContext(Platform.kt:79)
	at okhttp3.OkHttpClient$Companion.newSslSocketFactory(OkHttpClient.kt:955)
	at okhttp3.OkHttpClient$Companion.access$newSslSocketFactory(OkHttpClient.kt:947)
	at okhttp3.OkHttpClient.&lt;init&gt;(OkHttpClient.kt:213)
	at okhttp3.OkHttpClient$Builder.build(OkHttpClient.kt:944)
	at org.openqa.selenium.remote.internal.OkHttpClient$Factory.createClient(OkHttpClient.java:163)
	at org.openqa.selenium.remote.HttpCommandExecutor.&lt;init&gt;(HttpCommandExecutor.java:89)
	at org.openqa.selenium.remote.HttpCommandExecutor.&lt;init&gt;(HttpCommandExecutor.java:72)
	at org.openqa.selenium.remote.service.DriverCommandExecutor.&lt;init&gt;(DriverCommandExecutor.java:63)
	at org.openqa.selenium.chrome.ChromeDriverCommandExecutor.&lt;init&gt;(ChromeDriverCommandExecutor.java:40)
	at org.openqa.selenium.chrome.ChromeDriver.&lt;init&gt;(ChromeDriver.java:174)
	at org.openqa.selenium.chrome.ChromeDriver.&lt;init&gt;(ChromeDriver.java:163)
	at org.openqa.selenium.chrome.ChromeDriver.&lt;init&gt;(ChromeDriver.java:120)
	at com.setup.BasicSetup.setup(BasicSetup.java:104)
	at sun.reflect.NativeMethodAccessorImpl.invoke0(Native Method)
	at sun.reflect.NativeMethodAccessorImpl.invoke(NativeMethodAccessorImpl.java:62)
	at sun.reflect.DelegatingMethodAccessorImpl.invoke(DelegatingMethodAccessorImpl.java:43)
	at java.lang.reflect.Method.invoke(Method.java:498)
	at org.testng.internal.MethodInvocationHelper.invokeMethod(MethodInvocationHelper.java:124)
	at org.testng.internal.MethodInvocationHelper.invokeMethodConsideringTimeout(MethodInvocationHelper.java:59)
	at org.testng.internal.Invoker.invokeConfigurationMethod(Invoker.java:455)
	at org.testng.internal.Invoker.invokeConfigurations(Invoker.java:222)
	at org.testng.internal.Invoker.invokeConfigurations(Invoker.java:142)
	at org.testng.SuiteRunner.privateRun(SuiteRunner.java:401)
	at org.testng.SuiteRunner.run(SuiteRunner.java:364)
	at org.testng.SuiteRunnerWorker.runSuite(SuiteRunnerWorker.java:52)
	at org.testng.SuiteRunnerWorker.run(SuiteRunnerWorker.java:84)
	at org.testng.TestNG.runSuitesSequentially(TestNG.java:1208)
	at org.testng.TestNG.runSuitesLocally(TestNG.java:1137)
	at org.testng.TestNG.runSuites(TestNG.java:1049)
	at org.testng.TestNG.run(TestNG.java:1017)
	at com.setup.ConsoleRunner.main(ConsoleRunner.java:79)
Caused by: java.lang.SecurityException: Can not initialize cryptographic mechanism
	at javax.crypto.JceSecurity.&lt;clinit&gt;(JceSecurity.java:93)
	... 48 more
Caused by: java.lang.SecurityException: Cannot locate policy or framework files!
	at javax.crypto.JceSecurity.setupJurisdictionPolicies(JceSecurity.java:316)
	at javax.crypto.JceSecurity.access$000(JceSecurity.java:50)
	at javax.crypto.JceSecurity$1.run(JceSecurity.java:85)
	at java.security.AccessController.doPrivileged(Native Method)
	at javax.crypto.JceSecurity.&lt;clinit&gt;(JceSecurity.java:82)
	... 48 more

</div> <!-- stack-trace -->
                </div> <!-- method-content -->
              </div> <!-- method -->
            </div> <!-- main-panel-content rounded-window-bottom -->
          </div> <!-- suite-TC_001-class-skipped -->
          <div class="suite-TC_001-class-skipped">
            <div class="main-panel-header rounded-window-top">
              <img src="skipped.png"/>
              <span class="class-name">com.test.uat.TC_01_Bet.ID_05_GetBetStatus</span>
            </div> <!-- main-panel-header rounded-window-top -->
            <div class="main-panel-content rounded-window-bottom">
              <div class="method">
                <div class="method-content">
                  <a name="getBetStatus">
                  </a> <!-- getBetStatus -->
                  <span class="method-name">getBetStatus</span>
                  <div class="stack-trace">java.lang.ExceptionInInitializerError
	at javax.crypto.JceSecurityManager.&lt;clinit&gt;(JceSecurityManager.java:65)
	at javax.crypto.Cipher.getConfiguredPermission(Cipher.java:2586)
	at javax.crypto.Cipher.getMaxAllowedKeyLength(Cipher.java:2610)
	at sun.security.ssl.CipherSuite$BulkCipher.isUnlimited(CipherSuite.java:535)
	at sun.security.ssl.CipherSuite$BulkCipher.&lt;init&gt;(CipherSuite.java:507)
	at sun.security.ssl.CipherSuite.&lt;clinit&gt;(CipherSuite.java:614)
	at sun.security.ssl.SSLContextImpl.getApplicableSupportedCipherSuiteList(SSLContextImpl.java:294)
	at sun.security.ssl.SSLContextImpl.access$100(SSLContextImpl.java:42)
	at sun.security.ssl.SSLContextImpl$AbstractTLSContext.&lt;clinit&gt;(SSLContextImpl.java:529)
	at java.lang.Class.forName0(Native Method)
	at java.lang.Class.forName(Class.java:264)
	at java.security.Provider$Service.getImplClass(Provider.java:1634)
	at java.security.Provider$Service.newInstance(Provider.java:1592)
	at sun.security.jca.GetInstance.getInstance(GetInstance.java:236)
	at sun.security.jca.GetInstance.getInstance(GetInstance.java:164)
	at javax.net.ssl.SSLContext.getInstance(SSLContext.java:156)
	at okhttp3.internal.platform.Platform.newSSLContext(Platform.kt:79)
	at okhttp3.OkHttpClient$Companion.newSslSocketFactory(OkHttpClient.kt:955)
	at okhttp3.OkHttpClient$Companion.access$newSslSocketFactory(OkHttpClient.kt:947)
	at okhttp3.OkHttpClient.&lt;init&gt;(OkHttpClient.kt:213)
	at okhttp3.OkHttpClient$Builder.build(OkHttpClient.kt:944)
	at org.openqa.selenium.remote.internal.OkHttpClient$Factory.createClient(OkHttpClient.java:163)
	at org.openqa.selenium.remote.HttpCommandExecutor.&lt;init&gt;(HttpCommandExecutor.java:89)
	at org.openqa.selenium.remote.HttpCommandExecutor.&lt;init&gt;(HttpCommandExecutor.java:72)
	at org.openqa.selenium.remote.service.DriverCommandExecutor.&lt;init&gt;(DriverCommandExecutor.java:63)
	at org.openqa.selenium.chrome.ChromeDriverCommandExecutor.&lt;init&gt;(ChromeDriverCommandExecutor.java:40)
	at org.openqa.selenium.chrome.ChromeDriver.&lt;init&gt;(ChromeDriver.java:174)
	at org.openqa.selenium.chrome.ChromeDriver.&lt;init&gt;(ChromeDriver.java:163)
	at org.openqa.selenium.chrome.ChromeDriver.&lt;init&gt;(ChromeDriver.java:120)
	at com.setup.BasicSetup.setup(BasicSetup.java:104)
	at sun.reflect.NativeMethodAccessorImpl.invoke0(Native Method)
	at sun.reflect.NativeMethodAccessorImpl.invoke(NativeMethodAccessorImpl.java:62)
	at sun.reflect.DelegatingMethodAccessorImpl.invoke(DelegatingMethodAccessorImpl.java:43)
	at java.lang.reflect.Method.invoke(Method.java:498)
	at org.testng.internal.MethodInvocationHelper.invokeMethod(MethodInvocationHelper.java:124)
	at org.testng.internal.MethodInvocationHelper.invokeMethodConsideringTimeout(MethodInvocationHelper.java:59)
	at org.testng.internal.Invoker.invokeConfigurationMethod(Invoker.java:455)
	at org.testng.internal.Invoker.invokeConfigurations(Invoker.java:222)
	at org.testng.internal.Invoker.invokeConfigurations(Invoker.java:142)
	at org.testng.SuiteRunner.privateRun(SuiteRunner.java:401)
	at org.testng.SuiteRunner.run(SuiteRunner.java:364)
	at org.testng.SuiteRunnerWorker.runSuite(SuiteRunnerWorker.java:52)
	at org.testng.SuiteRunnerWorker.run(SuiteRunnerWorker.java:84)
	at org.testng.TestNG.runSuitesSequentially(TestNG.java:1208)
	at org.testng.TestNG.runSuitesLocally(TestNG.java:1137)
	at org.testng.TestNG.runSuites(TestNG.java:1049)
	at org.testng.TestNG.run(TestNG.java:1017)
	at com.setup.ConsoleRunner.main(ConsoleRunner.java:79)
Caused by: java.lang.SecurityException: Can not initialize cryptographic mechanism
	at javax.crypto.JceSecurity.&lt;clinit&gt;(JceSecurity.java:93)
	... 48 more
Caused by: java.lang.SecurityException: Cannot locate policy or framework files!
	at javax.crypto.JceSecurity.setupJurisdictionPolicies(JceSecurity.java:316)
	at javax.crypto.JceSecurity.access$000(JceSecurity.java:50)
	at javax.crypto.JceSecurity$1.run(JceSecurity.java:85)
	at java.security.AccessController.doPrivileged(Native Method)
	at javax.crypto.JceSecurity.&lt;clinit&gt;(JceSecurity.java:82)
	... 48 more

</div> <!-- stack-trace -->
                </div> <!-- method-content -->
              </div> <!-- method -->
            </div> <!-- main-panel-content rounded-window-bottom -->
          </div> <!-- suite-TC_001-class-skipped -->
          <div class="suite-TC_001-class-skipped">
            <div class="main-panel-header rounded-window-top">
              <img src="skipped.png"/>
              <span class="class-name">com.test.uat.TC_02_Sumo.UI.ID_01_Promotions</span>
            </div> <!-- main-panel-header rounded-window-top -->
            <div class="main-panel-content rounded-window-bottom">
              <div class="method">
                <div class="method-content">
                  <a name="checkTable">
                  </a> <!-- checkTable -->
                  <span class="method-name">checkTable</span>
                  <div class="stack-trace">java.lang.NullPointerException
	at com.setup.BasicSetup.report(BasicSetup.java:296)
	at sun.reflect.NativeMethodAccessorImpl.invoke0(Native Method)
	at sun.reflect.NativeMethodAccessorImpl.invoke(NativeMethodAccessorImpl.java:62)
	at sun.reflect.DelegatingMethodAccessorImpl.invoke(DelegatingMethodAccessorImpl.java:43)
	at java.lang.reflect.Method.invoke(Method.java:498)
	at org.testng.internal.MethodInvocationHelper.invokeMethod(MethodInvocationHelper.java:124)
	at org.testng.internal.MethodInvocationHelper.invokeMethodConsideringTimeout(MethodInvocationHelper.java:59)
	at org.testng.internal.Invoker.invokeConfigurationMethod(Invoker.java:455)
	at org.testng.internal.Invoker.invokeConfigurations(Invoker.java:222)
	at org.testng.internal.Invoker.invokeMethod(Invoker.java:533)
	at org.testng.internal.Invoker.invokeTestMethod(Invoker.java:716)
	at org.testng.internal.Invoker.invokeTestMethods(Invoker.java:988)
	at org.testng.internal.TestMethodWorker.invokeTestMethods(TestMethodWorker.java:125)
	at org.testng.internal.TestMethodWorker.run(TestMethodWorker.java:109)
	at org.testng.TestRunner.privateRun(TestRunner.java:648)
	at org.testng.TestRunner.run(TestRunner.java:505)
	at org.testng.SuiteRunner.runTest(SuiteRunner.java:455)
	at org.testng.SuiteRunner.access$000(SuiteRunner.java:40)
	at org.testng.SuiteRunner$SuiteWorker.run(SuiteRunner.java:489)
	at org.testng.internal.thread.ThreadUtil$1.call(ThreadUtil.java:52)
	at java.util.concurrent.FutureTask.run(FutureTask.java:266)
	at java.util.concurrent.ThreadPoolExecutor.runWorker(ThreadPoolExecutor.java:1149)
	at java.util.concurrent.ThreadPoolExecutor$Worker.run(ThreadPoolExecutor.java:624)
	at java.lang.Thread.run(Thread.java:748)

</div> <!-- stack-trace -->
                </div> <!-- method-content -->
              </div> <!-- method -->
              <div class="method">
                <div class="method-content">
                  <a name="noSelectionBtnState">
                  </a> <!-- noSelectionBtnState -->
                  <span class="method-name">noSelectionBtnState</span>
                  <div class="stack-trace">java.lang.NullPointerException
	at com.setup.BasicSetup.report(BasicSetup.java:296)
	at sun.reflect.NativeMethodAccessorImpl.invoke0(Native Method)
	at sun.reflect.NativeMethodAccessorImpl.invoke(NativeMethodAccessorImpl.java:62)
	at sun.reflect.DelegatingMethodAccessorImpl.invoke(DelegatingMethodAccessorImpl.java:43)
	at java.lang.reflect.Method.invoke(Method.java:498)
	at org.testng.internal.MethodInvocationHelper.invokeMethod(MethodInvocationHelper.java:124)
	at org.testng.internal.MethodInvocationHelper.invokeMethodConsideringTimeout(MethodInvocationHelper.java:59)
	at org.testng.internal.Invoker.invokeConfigurationMethod(Invoker.java:455)
	at org.testng.internal.Invoker.invokeConfigurations(Invoker.java:222)
	at org.testng.internal.Invoker.invokeMethod(Invoker.java:533)
	at org.testng.internal.Invoker.invokeTestMethod(Invoker.java:716)
	at org.testng.internal.Invoker.invokeTestMethods(Invoker.java:988)
	at org.testng.internal.TestMethodWorker.invokeTestMethods(TestMethodWorker.java:125)
	at org.testng.internal.TestMethodWorker.run(TestMethodWorker.java:109)
	at org.testng.TestRunner.privateRun(TestRunner.java:648)
	at org.testng.TestRunner.run(TestRunner.java:505)
	at org.testng.SuiteRunner.runTest(SuiteRunner.java:455)
	at org.testng.SuiteRunner.access$000(SuiteRunner.java:40)
	at org.testng.SuiteRunner$SuiteWorker.run(SuiteRunner.java:489)
	at org.testng.internal.thread.ThreadUtil$1.call(ThreadUtil.java:52)
	at java.util.concurrent.FutureTask.run(FutureTask.java:266)
	at java.util.concurrent.ThreadPoolExecutor.runWorker(ThreadPoolExecutor.java:1149)
	at java.util.concurrent.ThreadPoolExecutor$Worker.run(ThreadPoolExecutor.java:624)
	at java.lang.Thread.run(Thread.java:748)

</div> <!-- stack-trace -->
                </div> <!-- method-content -->
              </div> <!-- method -->
              <div class="method">
                <div class="method-content">
                  <a name="openSumoHomePage">
                  </a> <!-- openSumoHomePage -->
                  <span class="method-name">openSumoHomePage</span>
                  <div class="stack-trace">java.lang.ExceptionInInitializerError
	at javax.crypto.JceSecurityManager.&lt;clinit&gt;(JceSecurityManager.java:65)
	at javax.crypto.Cipher.getConfiguredPermission(Cipher.java:2586)
	at javax.crypto.Cipher.getMaxAllowedKeyLength(Cipher.java:2610)
	at sun.security.ssl.CipherSuite$BulkCipher.isUnlimited(CipherSuite.java:535)
	at sun.security.ssl.CipherSuite$BulkCipher.&lt;init&gt;(CipherSuite.java:507)
	at sun.security.ssl.CipherSuite.&lt;clinit&gt;(CipherSuite.java:614)
	at sun.security.ssl.SSLContextImpl.getApplicableSupportedCipherSuiteList(SSLContextImpl.java:294)
	at sun.security.ssl.SSLContextImpl.access$100(SSLContextImpl.java:42)
	at sun.security.ssl.SSLContextImpl$AbstractTLSContext.&lt;clinit&gt;(SSLContextImpl.java:529)
	at java.lang.Class.forName0(Native Method)
	at java.lang.Class.forName(Class.java:264)
	at java.security.Provider$Service.getImplClass(Provider.java:1634)
	at java.security.Provider$Service.newInstance(Provider.java:1592)
	at sun.security.jca.GetInstance.getInstance(GetInstance.java:236)
	at sun.security.jca.GetInstance.getInstance(GetInstance.java:164)
	at javax.net.ssl.SSLContext.getInstance(SSLContext.java:156)
	at okhttp3.internal.platform.Platform.newSSLContext(Platform.kt:79)
	at okhttp3.OkHttpClient$Companion.newSslSocketFactory(OkHttpClient.kt:955)
	at okhttp3.OkHttpClient$Companion.access$newSslSocketFactory(OkHttpClient.kt:947)
	at okhttp3.OkHttpClient.&lt;init&gt;(OkHttpClient.kt:213)
	at okhttp3.OkHttpClient$Builder.build(OkHttpClient.kt:944)
	at org.openqa.selenium.remote.internal.OkHttpClient$Factory.createClient(OkHttpClient.java:163)
	at org.openqa.selenium.remote.HttpCommandExecutor.&lt;init&gt;(HttpCommandExecutor.java:89)
	at org.openqa.selenium.remote.HttpCommandExecutor.&lt;init&gt;(HttpCommandExecutor.java:72)
	at org.openqa.selenium.remote.service.DriverCommandExecutor.&lt;init&gt;(DriverCommandExecutor.java:63)
	at org.openqa.selenium.chrome.ChromeDriverCommandExecutor.&lt;init&gt;(ChromeDriverCommandExecutor.java:40)
	at org.openqa.selenium.chrome.ChromeDriver.&lt;init&gt;(ChromeDriver.java:174)
	at org.openqa.selenium.chrome.ChromeDriver.&lt;init&gt;(ChromeDriver.java:163)
	at org.openqa.selenium.chrome.ChromeDriver.&lt;init&gt;(ChromeDriver.java:120)
	at com.setup.BasicSetup.setup(BasicSetup.java:104)
	at sun.reflect.NativeMethodAccessorImpl.invoke0(Native Method)
	at sun.reflect.NativeMethodAccessorImpl.invoke(NativeMethodAccessorImpl.java:62)
	at sun.reflect.DelegatingMethodAccessorImpl.invoke(DelegatingMethodAccessorImpl.java:43)
	at java.lang.reflect.Method.invoke(Method.java:498)
	at org.testng.internal.MethodInvocationHelper.invokeMethod(MethodInvocationHelper.java:124)
	at org.testng.internal.MethodInvocationHelper.invokeMethodConsideringTimeout(MethodInvocationHelper.java:59)
	at org.testng.internal.Invoker.invokeConfigurationMethod(Invoker.java:455)
	at org.testng.internal.Invoker.invokeConfigurations(Invoker.java:222)
	at org.testng.internal.Invoker.invokeConfigurations(Invoker.java:142)
	at org.testng.SuiteRunner.privateRun(SuiteRunner.java:401)
	at org.testng.SuiteRunner.run(SuiteRunner.java:364)
	at org.testng.SuiteRunnerWorker.runSuite(SuiteRunnerWorker.java:52)
	at org.testng.SuiteRunnerWorker.run(SuiteRunnerWorker.java:84)
	at org.testng.TestNG.runSuitesSequentially(TestNG.java:1208)
	at org.testng.TestNG.runSuitesLocally(TestNG.java:1137)
	at org.testng.TestNG.runSuites(TestNG.java:1049)
	at org.testng.TestNG.run(TestNG.java:1017)
	at com.setup.ConsoleRunner.main(ConsoleRunner.java:79)
Caused by: java.lang.SecurityException: Can not initialize cryptographic mechanism
	at javax.crypto.JceSecurity.&lt;clinit&gt;(JceSecurity.java:93)
	... 48 more
Caused by: java.lang.SecurityException: Cannot locate policy or framework files!
	at javax.crypto.JceSecurity.setupJurisdictionPolicies(JceSecurity.java:316)
	at javax.crypto.JceSecurity.access$000(JceSecurity.java:50)
	at javax.crypto.JceSecurity$1.run(JceSecurity.java:85)
	at java.security.AccessController.doPrivileged(Native Method)
	at javax.crypto.JceSecurity.&lt;clinit&gt;(JceSecurity.java:82)
	... 48 more

</div> <!-- stack-trace -->
                </div> <!-- method-content -->
              </div> <!-- method -->
              <div class="method">
                <div class="method-content">
                  <a name="selectionBtnState">
                  </a> <!-- selectionBtnState -->
                  <span class="method-name">selectionBtnState</span>
                  <div class="stack-trace">java.lang.NullPointerException
	at com.setup.BasicSetup.report(BasicSetup.java:296)
	at sun.reflect.NativeMethodAccessorImpl.invoke0(Native Method)
	at sun.reflect.NativeMethodAccessorImpl.invoke(NativeMethodAccessorImpl.java:62)
	at sun.reflect.DelegatingMethodAccessorImpl.invoke(DelegatingMethodAccessorImpl.java:43)
	at java.lang.reflect.Method.invoke(Method.java:498)
	at org.testng.internal.MethodInvocationHelper.invokeMethod(MethodInvocationHelper.java:124)
	at org.testng.internal.MethodInvocationHelper.invokeMethodConsideringTimeout(MethodInvocationHelper.java:59)
	at org.testng.internal.Invoker.invokeConfigurationMethod(Invoker.java:455)
	at org.testng.internal.Invoker.invokeConfigurations(Invoker.java:222)
	at org.testng.internal.Invoker.invokeMethod(Invoker.java:533)
	at org.testng.internal.Invoker.invokeTestMethod(Invoker.java:716)
	at org.testng.internal.Invoker.invokeTestMethods(Invoker.java:988)
	at org.testng.internal.TestMethodWorker.invokeTestMethods(TestMethodWorker.java:125)
	at org.testng.internal.TestMethodWorker.run(TestMethodWorker.java:109)
	at org.testng.TestRunner.privateRun(TestRunner.java:648)
	at org.testng.TestRunner.run(TestRunner.java:505)
	at org.testng.SuiteRunner.runTest(SuiteRunner.java:455)
	at org.testng.SuiteRunner.access$000(SuiteRunner.java:40)
	at org.testng.SuiteRunner$SuiteWorker.run(SuiteRunner.java:489)
	at org.testng.internal.thread.ThreadUtil$1.call(ThreadUtil.java:52)
	at java.util.concurrent.FutureTask.run(FutureTask.java:266)
	at java.util.concurrent.ThreadPoolExecutor.runWorker(ThreadPoolExecutor.java:1149)
	at java.util.concurrent.ThreadPoolExecutor$Worker.run(ThreadPoolExecutor.java:624)
	at java.lang.Thread.run(Thread.java:748)

</div> <!-- stack-trace -->
                </div> <!-- method-content -->
              </div> <!-- method -->
            </div> <!-- main-panel-content rounded-window-bottom -->
          </div> <!-- suite-TC_001-class-skipped -->
          <div class="suite-TC_001-class-skipped">
            <div class="main-panel-header rounded-window-top">
              <img src="skipped.png"/>
              <span class="class-name">com.test.uat.TC_01_Bet.ID_01_LogIn</span>
            </div> <!-- main-panel-header rounded-window-top -->
            <div class="main-panel-content rounded-window-bottom">
              <div class="method">
                <div class="method-content">
                  <a name="loginRam">
                  </a> <!-- loginRam -->
                  <span class="method-name">loginRam</span>
                  <div class="stack-trace">java.lang.ExceptionInInitializerError
	at javax.crypto.JceSecurityManager.&lt;clinit&gt;(JceSecurityManager.java:65)
	at javax.crypto.Cipher.getConfiguredPermission(Cipher.java:2586)
	at javax.crypto.Cipher.getMaxAllowedKeyLength(Cipher.java:2610)
	at sun.security.ssl.CipherSuite$BulkCipher.isUnlimited(CipherSuite.java:535)
	at sun.security.ssl.CipherSuite$BulkCipher.&lt;init&gt;(CipherSuite.java:507)
	at sun.security.ssl.CipherSuite.&lt;clinit&gt;(CipherSuite.java:614)
	at sun.security.ssl.SSLContextImpl.getApplicableSupportedCipherSuiteList(SSLContextImpl.java:294)
	at sun.security.ssl.SSLContextImpl.access$100(SSLContextImpl.java:42)
	at sun.security.ssl.SSLContextImpl$AbstractTLSContext.&lt;clinit&gt;(SSLContextImpl.java:529)
	at java.lang.Class.forName0(Native Method)
	at java.lang.Class.forName(Class.java:264)
	at java.security.Provider$Service.getImplClass(Provider.java:1634)
	at java.security.Provider$Service.newInstance(Provider.java:1592)
	at sun.security.jca.GetInstance.getInstance(GetInstance.java:236)
	at sun.security.jca.GetInstance.getInstance(GetInstance.java:164)
	at javax.net.ssl.SSLContext.getInstance(SSLContext.java:156)
	at okhttp3.internal.platform.Platform.newSSLContext(Platform.kt:79)
	at okhttp3.OkHttpClient$Companion.newSslSocketFactory(OkHttpClient.kt:955)
	at okhttp3.OkHttpClient$Companion.access$newSslSocketFactory(OkHttpClient.kt:947)
	at okhttp3.OkHttpClient.&lt;init&gt;(OkHttpClient.kt:213)
	at okhttp3.OkHttpClient$Builder.build(OkHttpClient.kt:944)
	at org.openqa.selenium.remote.internal.OkHttpClient$Factory.createClient(OkHttpClient.java:163)
	at org.openqa.selenium.remote.HttpCommandExecutor.&lt;init&gt;(HttpCommandExecutor.java:89)
	at org.openqa.selenium.remote.HttpCommandExecutor.&lt;init&gt;(HttpCommandExecutor.java:72)
	at org.openqa.selenium.remote.service.DriverCommandExecutor.&lt;init&gt;(DriverCommandExecutor.java:63)
	at org.openqa.selenium.chrome.ChromeDriverCommandExecutor.&lt;init&gt;(ChromeDriverCommandExecutor.java:40)
	at org.openqa.selenium.chrome.ChromeDriver.&lt;init&gt;(ChromeDriver.java:174)
	at org.openqa.selenium.chrome.ChromeDriver.&lt;init&gt;(ChromeDriver.java:163)
	at org.openqa.selenium.chrome.ChromeDriver.&lt;init&gt;(ChromeDriver.java:120)
	at com.setup.BasicSetup.setup(BasicSetup.java:104)
	at sun.reflect.NativeMethodAccessorImpl.invoke0(Native Method)
	at sun.reflect.NativeMethodAccessorImpl.invoke(NativeMethodAccessorImpl.java:62)
	at sun.reflect.DelegatingMethodAccessorImpl.invoke(DelegatingMethodAccessorImpl.java:43)
	at java.lang.reflect.Method.invoke(Method.java:498)
	at org.testng.internal.MethodInvocationHelper.invokeMethod(MethodInvocationHelper.java:124)
	at org.testng.internal.MethodInvocationHelper.invokeMethodConsideringTimeout(MethodInvocationHelper.java:59)
	at org.testng.internal.Invoker.invokeConfigurationMethod(Invoker.java:455)
	at org.testng.internal.Invoker.invokeConfigurations(Invoker.java:222)
	at org.testng.internal.Invoker.invokeConfigurations(Invoker.java:142)
	at org.testng.SuiteRunner.privateRun(SuiteRunner.java:401)
	at org.testng.SuiteRunner.run(SuiteRunner.java:364)
	at org.testng.SuiteRunnerWorker.runSuite(SuiteRunnerWorker.java:52)
	at org.testng.SuiteRunnerWorker.run(SuiteRunnerWorker.java:84)
	at org.testng.TestNG.runSuitesSequentially(TestNG.java:1208)
	at org.testng.TestNG.runSuitesLocally(TestNG.java:1137)
	at org.testng.TestNG.runSuites(TestNG.java:1049)
	at org.testng.TestNG.run(TestNG.java:1017)
	at com.setup.ConsoleRunner.main(ConsoleRunner.java:79)
Caused by: java.lang.SecurityException: Can not initialize cryptographic mechanism
	at javax.crypto.JceSecurity.&lt;clinit&gt;(JceSecurity.java:93)
	... 48 more
Caused by: java.lang.SecurityException: Cannot locate policy or framework files!
	at javax.crypto.JceSecurity.setupJurisdictionPolicies(JceSecurity.java:316)
	at javax.crypto.JceSecurity.access$000(JceSecurity.java:50)
	at javax.crypto.JceSecurity$1.run(JceSecurity.java:85)
	at java.security.AccessController.doPrivileged(Native Method)
	at javax.crypto.JceSecurity.&lt;clinit&gt;(JceSecurity.java:82)
	... 48 more

</div> <!-- stack-trace -->
                </div> <!-- method-content -->
              </div> <!-- method -->
            </div> <!-- main-panel-content rounded-window-bottom -->
          </div> <!-- suite-TC_001-class-skipped -->
        </div> <!-- panel TC_001 -->
        <div panel-name="test-xml-TC_001" class="panel">
          <div class="main-panel-header rounded-window-top">
            <span class="header-content">/Users/popovpav/Documents/GitHub/AutomationTestLab/target/testng.xml</span>
          </div> <!-- main-panel-header rounded-window-top -->
          <div class="main-panel-content rounded-window-bottom">
            <pre>
&lt;?xml version=&quot;1.0&quot; encoding=&quot;UTF-8&quot;?&gt;
&lt;!DOCTYPE suite SYSTEM &quot;http://testng.org/testng-1.0.dtd&quot;&gt;
&lt;suite configfailurepolicy=&quot;continue&quot; guice-stage=&quot;DEVELOPMENT&quot; verbose=&quot;10&quot; name=&quot;TC_001&quot; parallel=&quot;tests&quot;&gt;
  &lt;parameter name=&quot;browser&quot; value=&quot;chrome&quot;/&gt;
  &lt;listeners&gt;
    &lt;listener class-name=&quot;com.setup.TestNGListener&quot;/&gt;
  &lt;/listeners&gt;
  &lt;test thread-count=&quot;5&quot; verbose=&quot;10&quot; name=&quot;TC_01_Example&quot; parallel=&quot;tests&quot; group-by-instances=&quot;true&quot;&gt;
    &lt;classes&gt;
      &lt;class name=&quot;com.test.uat.TC_01_Bet.ID_01_LogIn&quot;&gt;
        &lt;methods&gt;
          &lt;include name=&quot;loginRam&quot;/&gt;
        &lt;/methods&gt;
      &lt;/class&gt; &lt;!-- com.test.uat.TC_01_Bet.ID_01_LogIn --&gt;
      &lt;class name=&quot;com.test.uat.TC_01_Bet.ID_02_ExternalLogin&quot;&gt;
        &lt;methods&gt;
          &lt;include name=&quot;externalLogin&quot;/&gt;
        &lt;/methods&gt;
      &lt;/class&gt; &lt;!-- com.test.uat.TC_01_Bet.ID_02_ExternalLogin --&gt;
      &lt;class name=&quot;com.test.uat.TC_01_Bet.ID_03_GetOpenBets&quot;&gt;
        &lt;methods&gt;
          &lt;include name=&quot;getOpenBets&quot;/&gt;
        &lt;/methods&gt;
      &lt;/class&gt; &lt;!-- com.test.uat.TC_01_Bet.ID_03_GetOpenBets --&gt;
      &lt;class name=&quot;com.test.uat.TC_01_Bet.ID_04_PlaceBet&quot;&gt;
        &lt;methods&gt;
          &lt;include name=&quot;placeBet&quot;/&gt;
        &lt;/methods&gt;
      &lt;/class&gt; &lt;!-- com.test.uat.TC_01_Bet.ID_04_PlaceBet --&gt;
      &lt;class name=&quot;com.test.uat.TC_01_Bet.ID_05_GetBetStatus&quot;&gt;
        &lt;methods&gt;
          &lt;include name=&quot;getBetStatus&quot;/&gt;
        &lt;/methods&gt;
      &lt;/class&gt; &lt;!-- com.test.uat.TC_01_Bet.ID_05_GetBetStatus --&gt;
      &lt;class name=&quot;com.test.uat.TC_01_Bet.ID_07_Cashout&quot;&gt;
        &lt;methods&gt;
          &lt;include name=&quot;betCashout&quot;/&gt;
        &lt;/methods&gt;
      &lt;/class&gt; &lt;!-- com.test.uat.TC_01_Bet.ID_07_Cashout --&gt;
      &lt;class name=&quot;com.test.uat.TC_01_Bet.ID_08_GetSportsTree&quot;&gt;
        &lt;methods&gt;
          &lt;include name=&quot;getSportsTree&quot;/&gt;
        &lt;/methods&gt;
      &lt;/class&gt; &lt;!-- com.test.uat.TC_01_Bet.ID_08_GetSportsTree --&gt;
      &lt;class name=&quot;com.test.uat.TC_02_Sumo.UI.ID_01_Promotions&quot;&gt;
        &lt;methods&gt;
          &lt;include name=&quot;openSumoHomePage&quot;/&gt;
          &lt;include name=&quot;noSelectionBtnState&quot;/&gt;
          &lt;include name=&quot;selectionBtnState&quot;/&gt;
          &lt;include name=&quot;checkTable&quot;/&gt;
        &lt;/methods&gt;
      &lt;/class&gt; &lt;!-- com.test.uat.TC_02_Sumo.UI.ID_01_Promotions --&gt;
    &lt;/classes&gt;
  &lt;/test&gt; &lt;!-- TC_01_Example --&gt;
&lt;/suite&gt; &lt;!-- TC_001 --&gt;
            </pre>
          </div> <!-- main-panel-content rounded-window-bottom -->
        </div> <!-- panel -->
        <div panel-name="testlist-TC_001" class="panel">
          <div class="main-panel-header rounded-window-top">
            <span class="header-content">Tests for TC_001</span>
          </div> <!-- main-panel-header rounded-window-top -->
          <div class="main-panel-content rounded-window-bottom">
            <ul>
              <li>
                <span class="test-name">TC_01_Example (8 classes)</span>
              </li>
            </ul>
          </div> <!-- main-panel-content rounded-window-bottom -->
        </div> <!-- panel -->
        <div panel-name="group-TC_001" class="panel">
          <div class="main-panel-header rounded-window-top">
            <span class="header-content">Groups for TC_001</span>
          </div> <!-- main-panel-header rounded-window-top -->
          <div class="main-panel-content rounded-window-bottom">
          </div> <!-- main-panel-content rounded-window-bottom -->
        </div> <!-- panel -->
        <div panel-name="times-TC_001" class="panel">
          <div class="main-panel-header rounded-window-top">
            <span class="header-content">Times for TC_001</span>
          </div> <!-- main-panel-header rounded-window-top -->
          <div class="main-panel-content rounded-window-bottom">
            <div class="times-div">
              <script type="text/javascript">
suiteTableInitFunctions.push('tableData_TC_001');
function tableData_TC_001() {
var data = new google.visualization.DataTable();
data.addColumn('number', 'Number');
data.addColumn('string', 'Method');
data.addColumn('string', 'Class');
data.addColumn('number', 'Time (ms)');
data.addRows(11);
data.setCell(0, 0, 0)
data.setCell(0, 1, 'checkTable')
data.setCell(0, 2, 'com.test.uat.TC_02_Sumo.UI.ID_01_Promotions')
data.setCell(0, 3, 0);
data.setCell(1, 0, 1)
data.setCell(1, 1, 'getOpenBets')
data.setCell(1, 2, 'com.test.uat.TC_01_Bet.ID_03_GetOpenBets')
data.setCell(1, 3, 0);
data.setCell(2, 0, 2)
data.setCell(2, 1, 'placeBet')
data.setCell(2, 2, 'com.test.uat.TC_01_Bet.ID_04_PlaceBet')
data.setCell(2, 3, 0);
data.setCell(3, 0, 3)
data.setCell(3, 1, 'getBetStatus')
data.setCell(3, 2, 'com.test.uat.TC_01_Bet.ID_05_GetBetStatus')
data.setCell(3, 3, 0);
data.setCell(4, 0, 4)
data.setCell(4, 1, 'openSumoHomePage')
data.setCell(4, 2, 'com.test.uat.TC_02_Sumo.UI.ID_01_Promotions')
data.setCell(4, 3, 0);
data.setCell(5, 0, 5)
data.setCell(5, 1, 'getSportsTree')
data.setCell(5, 2, 'com.test.uat.TC_01_Bet.ID_08_GetSportsTree')
data.setCell(5, 3, 0);
data.setCell(6, 0, 6)
data.setCell(6, 1, 'selectionBtnState')
data.setCell(6, 2, 'com.test.uat.TC_02_Sumo.UI.ID_01_Promotions')
data.setCell(6, 3, 0);
data.setCell(7, 0, 7)
data.setCell(7, 1, 'externalLogin')
data.setCell(7, 2, 'com.test.uat.TC_01_Bet.ID_02_ExternalLogin')
data.setCell(7, 3, 0);
data.setCell(8, 0, 8)
data.setCell(8, 1, 'noSelectionBtnState')
data.setCell(8, 2, 'com.test.uat.TC_02_Sumo.UI.ID_01_Promotions')
data.setCell(8, 3, 0);
data.setCell(9, 0, 9)
data.setCell(9, 1, 'loginRam')
data.setCell(9, 2, 'com.test.uat.TC_01_Bet.ID_01_LogIn')
data.setCell(9, 3, 0);
data.setCell(10, 0, 10)
data.setCell(10, 1, 'betCashout')
data.setCell(10, 2, 'com.test.uat.TC_01_Bet.ID_07_Cashout')
data.setCell(10, 3, 0);
window.suiteTableData['TC_001']= { tableData: data, tableDiv: 'times-div-TC_001'}
return data;
}
              </script>
              <span class="suite-total-time">Total running time: 0 ms</span>
              <div id="times-div-TC_001">
              </div> <!-- times-div-TC_001 -->
            </div> <!-- times-div -->
          </div> <!-- main-panel-content rounded-window-bottom -->
        </div> <!-- panel -->
        <div panel-name="reporter-TC_001" class="panel">
          <div class="main-panel-header rounded-window-top">
            <span class="header-content">Reporter output for TC_001</span>
          </div> <!-- main-panel-header rounded-window-top -->
          <div class="main-panel-content rounded-window-bottom">
          </div> <!-- main-panel-content rounded-window-bottom -->
        </div> <!-- panel -->
        <div panel-name="ignored-methods-TC_001" class="panel">
          <div class="main-panel-header rounded-window-top">
            <span class="header-content">28 ignored methods</span>
          </div> <!-- main-panel-header rounded-window-top -->
          <div class="main-panel-content rounded-window-bottom">
            <div class="ignored-class-div">
              <span class="ignored-class-name">com.test.uat.TC_01_Bet.ID_02_ExternalLogin</span>
              <div class="ignored-methods-div">
                <span class="ignored-method-name">cleanResponseData</span>
                <br/>
                <span class="ignored-method-name">setup</span>
                <br/>
                <span class="ignored-method-name">clearXml</span>
                <br/>
                <span class="ignored-method-name">tearDown</span>
                <br/>
              </div> <!-- ignored-methods-div -->
            </div> <!-- ignored-class-div -->
            <div class="ignored-class-div">
              <span class="ignored-class-name">com.test.uat.TC_01_Bet.ID_03_GetOpenBets</span>
              <div class="ignored-methods-div">
                <span class="ignored-method-name">cleanResponseData</span>
                <br/>
                <span class="ignored-method-name">setup</span>
                <br/>
                <span class="ignored-method-name">clearXml</span>
                <br/>
                <span class="ignored-method-name">tearDown</span>
                <br/>
              </div> <!-- ignored-methods-div -->
            </div> <!-- ignored-class-div -->
            <div class="ignored-class-div">
              <span class="ignored-class-name">com.test.uat.TC_01_Bet.ID_07_Cashout</span>
              <div class="ignored-methods-div">
                <span class="ignored-method-name">cleanResponseData</span>
                <br/>
                <span class="ignored-method-name">setup</span>
                <br/>
                <span class="ignored-method-name">clearXml</span>
                <br/>
                <span class="ignored-method-name">tearDown</span>
                <br/>
              </div> <!-- ignored-methods-div -->
            </div> <!-- ignored-class-div -->
            <div class="ignored-class-div">
              <span class="ignored-class-name">com.test.uat.TC_01_Bet.ID_08_GetSportsTree</span>
              <div class="ignored-methods-div">
                <span class="ignored-method-name">cleanResponseData</span>
                <br/>
                <span class="ignored-method-name">setup</span>
                <br/>
                <span class="ignored-method-name">clearXml</span>
                <br/>
                <span class="ignored-method-name">tearDown</span>
                <br/>
              </div> <!-- ignored-methods-div -->
            </div> <!-- ignored-class-div -->
            <div class="ignored-class-div">
              <span class="ignored-class-name">com.test.uat.TC_01_Bet.ID_04_PlaceBet</span>
              <div class="ignored-methods-div">
                <span class="ignored-method-name">cleanResponseData</span>
                <br/>
                <span class="ignored-method-name">setup</span>
                <br/>
                <span class="ignored-method-name">clearXml</span>
                <br/>
                <span class="ignored-method-name">tearDown</span>
                <br/>
              </div> <!-- ignored-methods-div -->
            </div> <!-- ignored-class-div -->
            <div class="ignored-class-div">
              <span class="ignored-class-name">com.test.uat.TC_01_Bet.ID_05_GetBetStatus</span>
              <div class="ignored-methods-div">
                <span class="ignored-method-name">cleanResponseData</span>
                <br/>
                <span class="ignored-method-name">setup</span>
                <br/>
                <span class="ignored-method-name">clearXml</span>
                <br/>
                <span class="ignored-method-name">tearDown</span>
                <br/>
              </div> <!-- ignored-methods-div -->
            </div> <!-- ignored-class-div -->
            <div class="ignored-class-div">
              <span class="ignored-class-name">com.test.uat.TC_02_Sumo.UI.ID_01_Promotions</span>
              <div class="ignored-methods-div">
                <span class="ignored-method-name">cleanResponseData</span>
                <br/>
                <span class="ignored-method-name">setup</span>
                <br/>
                <span class="ignored-method-name">clearXml</span>
                <br/>
                <span class="ignored-method-name">tearDown</span>
                <br/>
              </div> <!-- ignored-methods-div -->
            </div> <!-- ignored-class-div -->
          </div> <!-- main-panel-content rounded-window-bottom -->
        </div> <!-- panel -->
        <div panel-name="chronological-TC_001" class="panel">
          <div class="main-panel-header rounded-window-top">
            <span class="header-content">Methods in chronological order</span>
          </div> <!-- main-panel-header rounded-window-top -->
          <div class="main-panel-content rounded-window-bottom">
            <div class="chronological-class">
              <div class="chronological-class-name">com.test.uat.TC_01_Bet.ID_01_LogIn</div> <!-- chronological-class-name -->
              <div class="test-method">
                <span class="method-name">loginRam</span>
                <span class="method-start">0 ms</span>
              </div> <!-- test-method -->
            </div> <!-- chronological-class -->
            <div class="chronological-class">
              <div class="chronological-class-name">com.test.uat.TC_01_Bet.ID_02_ExternalLogin</div> <!-- chronological-class-name -->
              <div class="test-method">
                <span class="method-name">externalLogin</span>
                <span class="method-start">0 ms</span>
              </div> <!-- test-method -->
            </div> <!-- chronological-class -->
            <div class="chronological-class">
              <div class="chronological-class-name">com.test.uat.TC_01_Bet.ID_03_GetOpenBets</div> <!-- chronological-class-name -->
              <div class="test-method">
                <span class="method-name">getOpenBets</span>
                <span class="method-start">0 ms</span>
              </div> <!-- test-method -->
            </div> <!-- chronological-class -->
            <div class="chronological-class">
              <div class="chronological-class-name">com.test.uat.TC_01_Bet.ID_04_PlaceBet</div> <!-- chronological-class-name -->
              <div class="test-method">
                <span class="method-name">placeBet</span>
                <span class="method-start">0 ms</span>
              </div> <!-- test-method -->
            </div> <!-- chronological-class -->
            <div class="chronological-class">
              <div class="chronological-class-name">com.test.uat.TC_01_Bet.ID_05_GetBetStatus</div> <!-- chronological-class-name -->
              <div class="test-method">
                <span class="method-name">getBetStatus</span>
                <span class="method-start">0 ms</span>
              </div> <!-- test-method -->
            </div> <!-- chronological-class -->
            <div class="chronological-class">
              <div class="chronological-class-name">com.test.uat.TC_01_Bet.ID_07_Cashout</div> <!-- chronological-class-name -->
              <div class="test-method">
                <span class="method-name">betCashout</span>
                <span class="method-start">0 ms</span>
              </div> <!-- test-method -->
            </div> <!-- chronological-class -->
            <div class="chronological-class">
              <div class="chronological-class-name">com.test.uat.TC_01_Bet.ID_08_GetSportsTree</div> <!-- chronological-class-name -->
              <div class="test-method">
                <span class="method-name">getSportsTree</span>
                <span class="method-start">0 ms</span>
              </div> <!-- test-method -->
            </div> <!-- chronological-class -->
            <div class="chronological-class">
              <div class="chronological-class-name">com.test.uat.TC_02_Sumo.UI.ID_01_Promotions</div> <!-- chronological-class-name -->
              <div class="test-method">
                <span class="method-name">openSumoHomePage</span>
                <span class="method-start">0 ms</span>
              </div> <!-- test-method -->
              <div class="test-method">
                <span class="method-name">noSelectionBtnState</span>
                <span class="method-start">0 ms</span>
              </div> <!-- test-method -->
              <div class="test-method">
                <span class="method-name">selectionBtnState</span>
                <span class="method-start">0 ms</span>
              </div> <!-- test-method -->
              <div class="test-method">
                <span class="method-name">checkTable</span>
                <span class="method-start">0 ms</span>
              </div> <!-- test-method -->
            </div> <!-- chronological-class -->
            <div class="chronological-class">
              <div class="chronological-class-name">com.test.uat.TC_01_Bet.ID_01_LogIn</div> <!-- chronological-class-name -->
              <div class="configuration-suite before">
                <span class="method-name">cleanResponseData</span>
                <span class="method-start">0 ms</span>
              </div> <!-- configuration-suite before -->
              <div class="configuration-suite before">
                <img src="failed.png">
                </img>
                <span class="method-name">setup(chrome)</span>
                <span class="method-start">6 ms</span>
              </div> <!-- configuration-suite before -->
              <div class="configuration-method after">
                <img src="failed.png">
                </img>
                <span class="method-name">report([TestResult name={null} status=CREATED method=ID_01_LogIn.loginRam(java.lang.reflect.Method)[pri:0, ...)</span>
                <span class="method-start">266 ms</span>
              </div> <!-- configuration-method after -->
            </div> <!-- chronological-class -->
            <div class="chronological-class">
              <div class="chronological-class-name">com.test.uat.TC_01_Bet.ID_02_ExternalLogin</div> <!-- chronological-class-name -->
              <div class="configuration-method after">
                <img src="failed.png">
                </img>
                <span class="method-name">report([TestResult name={null} status=CREATED method=ID_02_ExternalLogin.externalLogin(java.lang.reflect.Me...)</span>
                <span class="method-start">268 ms</span>
              </div> <!-- configuration-method after -->
            </div> <!-- chronological-class -->
            <div class="chronological-class">
              <div class="chronological-class-name">com.test.uat.TC_01_Bet.ID_03_GetOpenBets</div> <!-- chronological-class-name -->
              <div class="configuration-method after">
                <img src="failed.png">
                </img>
                <span class="method-name">report([TestResult name={null} status=CREATED method=ID_03_GetOpenBets.getOpenBets(java.lang.reflect.Method...)</span>
                <span class="method-start">269 ms</span>
              </div> <!-- configuration-method after -->
            </div> <!-- chronological-class -->
            <div class="chronological-class">
              <div class="chronological-class-name">com.test.uat.TC_01_Bet.ID_04_PlaceBet</div> <!-- chronological-class-name -->
              <div class="configuration-method after">
                <img src="failed.png">
                </img>
                <span class="method-name">report([TestResult name={null} status=CREATED method=ID_04_PlaceBet.placeBet(java.lang.reflect.Method)[pri:...)</span>
                <span class="method-start">270 ms</span>
              </div> <!-- configuration-method after -->
            </div> <!-- chronological-class -->
            <div class="chronological-class">
              <div class="chronological-class-name">com.test.uat.TC_01_Bet.ID_05_GetBetStatus</div> <!-- chronological-class-name -->
              <div class="configuration-method after">
                <img src="failed.png">
                </img>
                <span class="method-name">report([TestResult name={null} status=CREATED method=ID_05_GetBetStatus.getBetStatus(java.lang.reflect.Meth...)</span>
                <span class="method-start">271 ms</span>
              </div> <!-- configuration-method after -->
            </div> <!-- chronological-class -->
            <div class="chronological-class">
              <div class="chronological-class-name">com.test.uat.TC_01_Bet.ID_07_Cashout</div> <!-- chronological-class-name -->
              <div class="configuration-method after">
                <img src="failed.png">
                </img>
                <span class="method-name">report([TestResult name={null} status=CREATED method=ID_07_Cashout.betCashout(java.lang.reflect.Method)[pri...)</span>
                <span class="method-start">271 ms</span>
              </div> <!-- configuration-method after -->
            </div> <!-- chronological-class -->
            <div class="chronological-class">
              <div class="chronological-class-name">com.test.uat.TC_01_Bet.ID_08_GetSportsTree</div> <!-- chronological-class-name -->
              <div class="configuration-method after">
                <img src="failed.png">
                </img>
                <span class="method-name">report([TestResult name={null} status=CREATED method=ID_08_GetSportsTree.getSportsTree(java.lang.reflect.Me...)</span>
                <span class="method-start">272 ms</span>
              </div> <!-- configuration-method after -->
            </div> <!-- chronological-class -->
            <div class="chronological-class">
              <div class="chronological-class-name">com.test.uat.TC_02_Sumo.UI.ID_01_Promotions</div> <!-- chronological-class-name -->
              <div class="configuration-method after">
                <img src="failed.png">
                </img>
                <span class="method-name">report([TestResult name={null} status=CREATED method=ID_01_Promotions.openSumoHomePage()[pri:0, instance:co...)</span>
                <span class="method-start">273 ms</span>
              </div> <!-- configuration-method after -->
              <div class="configuration-method after">
                <img src="failed.png">
                </img>
                <span class="method-name">report([TestResult name={null} status=CREATED method=ID_01_Promotions.noSelectionBtnState(java.lang.reflect...)</span>
                <span class="method-start">273 ms</span>
              </div> <!-- configuration-method after -->
              <div class="configuration-method after">
                <img src="failed.png">
                </img>
                <span class="method-name">report([TestResult name={null} status=CREATED method=ID_01_Promotions.selectionBtnState()[pri:0, instance:c...)</span>
                <span class="method-start">273 ms</span>
              </div> <!-- configuration-method after -->
              <div class="configuration-method after">
                <img src="failed.png">
                </img>
                <span class="method-name">report([TestResult name={null} status=CREATED method=ID_01_Promotions.checkTable()[pri:0, instance:com.test...)</span>
                <span class="method-start">274 ms</span>
              </div> <!-- configuration-method after -->
          </div> <!-- main-panel-content rounded-window-bottom -->
        </div> <!-- panel -->
      </div> <!-- main-panel-root -->
    </div> <!-- wrapper -->
  </body>
</html>
