<?xml version="1.0" encoding="UTF-8"?>
<testng-results skipped="0" failed="4" ignored="28" total="39" passed="7">
  <reporter-output>
  </reporter-output>
  <suite name="TC_001" duration-ms="27538" started-at="2019-07-24T15:49:24Z" finished-at="2019-07-24T15:49:52Z">
    <groups>
    </groups>
    <test name="TC_01_Example" duration-ms="27538" started-at="2019-07-24T15:49:24Z" finished-at="2019-07-24T15:49:52Z">
      <class name="com.test.uat.TC_01_Bet.ID_04_PlaceBet">
        <test-method status="PASS" signature="placeBet(java.lang.reflect.Method)[pri:0, instance:com.test.uat.TC_01_Bet.ID_04_PlaceBet@5a5bcc55]" name="placeBet" duration-ms="1068" started-at="2019-07-24T15:49:31Z" finished-at="2019-07-24T15:49:32Z">
          <params>
            <param index="0">
              <value>
                <![CDATA[public void com.test.uat.TC_01_Bet.ID_04_PlaceBet.placeBet(java.lang.reflect.Method) throws java.lang.Exception]]>
              </value>
            </param>
          </params>
          <reporter-output>
          </reporter-output>
        </test-method> <!-- placeBet -->
        <test-method status="PASS" signature="startTest()[pri:0, instance:com.test.uat.TC_01_Bet.ID_04_PlaceBet@5a5bcc55]" name="startTest" is-config="true" duration-ms="0" started-at="2019-07-24T15:49:31Z" finished-at="2019-07-24T15:49:31Z">
          <reporter-output>
          </reporter-output>
        </test-method> <!-- startTest -->
        <test-method status="PASS" signature="report(org.testng.ITestResult)[pri:0, instance:com.test.uat.TC_01_Bet.ID_04_PlaceBet@5a5bcc55]" name="report" is-config="true" duration-ms="1" started-at="2019-07-24T15:49:32Z" finished-at="2019-07-24T15:49:32Z">
          <params>
            <param index="0">
              <value>
                <![CDATA[[TestResult name=placeBet status=SUCCESS method=ID_04_PlaceBet.placeBet(java.lang.reflect.Method)[pri:0, instance:com.test.uat.TC_01_Bet.ID_04_PlaceBet@5a5bcc55] output={null}]]]>
              </value>
            </param>
          </params>
          <reporter-output>
          </reporter-output>
        </test-method> <!-- report -->
      </class> <!-- com.test.uat.TC_01_Bet.ID_04_PlaceBet -->
      <class name="com.test.uat.TC_02_Sumo.UI.ID_01_Promotions">
        <test-method status="PASS" signature="startTest()[pri:0, instance:com.test.uat.TC_02_Sumo.UI.ID_01_Promotions@f9fa961d]" name="startTest" is-config="true" duration-ms="0" started-at="2019-07-24T15:49:36Z" finished-at="2019-07-24T15:49:36Z">
          <reporter-output>
          </reporter-output>
        </test-method> <!-- startTest -->
        <test-method status="FAIL" signature="openSumoHomePage()[pri:0, instance:com.test.uat.TC_02_Sumo.UI.ID_01_Promotions@f9fa961d]" name="openSumoHomePage" duration-ms="3008" started-at="2019-07-24T15:49:36Z" finished-at="2019-07-24T15:49:39Z">
          <exception class="java.lang.AssertionError">
            <message>
              <![CDATA[expected [https://sumo-qa.pokerstarsdev.com/matrix/promotions] but found [https://sumo-qa.pokerstarsdev.com/login?redirect=%2Fmatrix%2Fpromotions]]]>
            </message>
            <full-stacktrace>
              <![CDATA[java.lang.AssertionError: expected [https://sumo-qa.pokerstarsdev.com/matrix/promotions] but found [https://sumo-qa.pokerstarsdev.com/login?redirect=%2Fmatrix%2Fpromotions]
at org.testng.Assert.fail(Assert.java:96)
at org.testng.Assert.failNotEquals(Assert.java:776)
at org.testng.Assert.assertEqualsImpl(Assert.java:137)
at org.testng.Assert.assertEquals(Assert.java:118)
at org.testng.Assert.assertEquals(Assert.java:453)
at org.testng.Assert.assertEquals(Assert.java:463)
at com.test.uat.TC_02_Sumo.UI.ID_01_Promotions.openSumoHomePage(ID_01_Promotions.java:84)
at sun.reflect.NativeMethodAccessorImpl.invoke0(Native Method)
at sun.reflect.NativeMethodAccessorImpl.invoke(NativeMethodAccessorImpl.java:62)
at sun.reflect.DelegatingMethodAccessorImpl.invoke(DelegatingMethodAccessorImpl.java:43)
at java.lang.reflect.Method.invoke(Method.java:498)
at org.testng.internal.MethodInvocationHelper.invokeMethod(MethodInvocationHelper.java:124)
at org.testng.internal.Invoker.invokeMethod(Invoker.java:580)
at org.testng.internal.Invoker.invokeTestMethod(Invoker.java:716)
at org.testng.internal.Invoker.invokeTestMethods(Invoker.java:988)
at org.testng.internal.TestMethodWorker.invokeTestMethods(TestMethodWorker.java:125)
at org.testng.internal.TestMethodWorker.run(TestMethodWorker.java:109)
at org.testng.TestRunner.privateRun(TestRunner.java:648)
at org.testng.TestRunner.run(TestRunner.java:505)
at org.testng.SuiteRunner.runTest(SuiteRunner.java:455)
at org.testng.SuiteRunner.access$000(SuiteRunner.java:40)
at org.testng.SuiteRunner$SuiteWorker.run(SuiteRunner.java:489)
at org.testng.internal.thread.ThreadUtil$1.call(ThreadUtil.java:52)
at java.util.concurrent.FutureTask.run(FutureTask.java:266)
at java.util.concurrent.ThreadPoolExecutor.runWorker(ThreadPoolExecutor.java:1149)
at java.util.concurrent.ThreadPoolExecutor$Worker.run(ThreadPoolExecutor.java:624)
at java.lang.Thread.run(Thread.java:813)
]]>
            </full-stacktrace>
          </exception> <!-- java.lang.AssertionError -->
          <reporter-output>
          </reporter-output>
        </test-method> <!-- openSumoHomePage -->
        <test-method status="PASS" signature="report(org.testng.ITestResult)[pri:0, instance:com.test.uat.TC_02_Sumo.UI.ID_01_Promotions@f9fa961d]" name="report" is-config="true" duration-ms="1800" started-at="2019-07-24T15:49:39Z" finished-at="2019-07-24T15:49:40Z">
          <params>
            <param index="0">
              <value>
                <![CDATA[[TestResult name=openSumoHomePage status=FAILURE method=ID_01_Promotions.openSumoHomePage()[pri:0, instance:com.test.uat.TC_02_Sumo.UI.ID_01_Promotions@f9fa961d] output={null}]]]>
              </value>
            </param>
          </params>
          <reporter-output>
          </reporter-output>
        </test-method> <!-- report -->
        <test-method status="FAIL" signature="noSelectionBtnState(java.lang.reflect.Method)[pri:0, instance:com.test.uat.TC_02_Sumo.UI.ID_01_Promotions@f9fa961d]" name="noSelectionBtnState" duration-ms="6570" started-at="2019-07-24T15:49:40Z" finished-at="2019-07-24T15:49:47Z">
          <params>
            <param index="0">
              <value>
                <![CDATA[public void com.test.uat.TC_02_Sumo.UI.ID_01_Promotions.noSelectionBtnState(java.lang.reflect.Method) throws java.lang.Exception]]>
              </value>
            </param>
          </params>
          <exception class="org.openqa.selenium.NoSuchElementException">
            <message>
              <![CDATA[no such element: Unable to locate element: {"method":"css selector","selector":"div.content-block___Kf-lC[data-qa='contentBlock-promotionConfigurations-toolbar']"}
  (Session info: chrome=75.0.3770.100)
  (Driver info: chromedriver=72.0.3626.7 (efcef9a3ecda02b2132af215116a03852d08b9cb),platform=Mac OS X 10.14.6 x86_64) (WARNING: The server did not provide any stacktrace information)
Command duration or timeout: 0 milliseconds
For documentation on this error, please visit: http://seleniumhq.org/exceptions/no_such_element.html
Build info: version: 'unknown', revision: 'unknown', time: 'unknown'
System info: host: 'BUL0000566.local', ip: '10.160.8.106', os.name: 'Mac OS X', os.arch: 'amd64', os.version: '10.14.6', java.version: '1.8.0_212'
Driver info: org.openqa.selenium.chrome.ChromeDriver
Capabilities {acceptInsecureCerts: false, acceptSslCerts: false, applicationCacheEnabled: false, browserConnectionEnabled: false, browserName: chrome, chrome: {chromedriverVersion: 72.0.3626.7 (efcef9a3ecda02..., userDataDir: /var/folders/qt/qkf6d8qs7ml...}, cssSelectorsEnabled: true, databaseEnabled: false, goog:chromeOptions: {debuggerAddress: localhost:49793}, handlesAlerts: true, hasTouchScreen: false, javascriptEnabled: true, locationContextEnabled: true, mobileEmulationEnabled: false, nativeEvents: true, networkConnectionEnabled: false, pageLoadStrategy: normal, platform: MAC, platformName: MAC, proxy: Proxy(), rotatable: false, setWindowRect: true, takesHeapSnapshot: true, takesScreenshot: true, timeouts: {implicit: 0, pageLoad: 300000, script: 30000}, unexpectedAlertBehaviour: ignore, unhandledPromptBehavior: ignore, version: 75.0.3770.100, webStorageEnabled: true}
Session ID: bab79c8c315ea7cd4abea1410ef28b5b
*** Element info: {Using=css selector, value=div.content-block___Kf-lC[data-qa='contentBlock-promotionConfigurations-toolbar']}]]>
            </message>
            <full-stacktrace>
              <![CDATA[org.openqa.selenium.NoSuchElementException: no such element: Unable to locate element: {"method":"css selector","selector":"div.content-block___Kf-lC[data-qa='contentBlock-promotionConfigurations-toolbar']"}
  (Session info: chrome=75.0.3770.100)
  (Driver info: chromedriver=72.0.3626.7 (efcef9a3ecda02b2132af215116a03852d08b9cb),platform=Mac OS X 10.14.6 x86_64) (WARNING: The server did not provide any stacktrace information)
Command duration or timeout: 0 milliseconds
For documentation on this error, please visit: http://seleniumhq.org/exceptions/no_such_element.html
Build info: version: 'unknown', revision: 'unknown', time: 'unknown'
System info: host: 'BUL0000566.local', ip: '10.160.8.106', os.name: 'Mac OS X', os.arch: 'amd64', os.version: '10.14.6', java.version: '1.8.0_212'
Driver info: org.openqa.selenium.chrome.ChromeDriver
Capabilities {acceptInsecureCerts: false, acceptSslCerts: false, applicationCacheEnabled: false, browserConnectionEnabled: false, browserName: chrome, chrome: {chromedriverVersion: 72.0.3626.7 (efcef9a3ecda02..., userDataDir: /var/folders/qt/qkf6d8qs7ml...}, cssSelectorsEnabled: true, databaseEnabled: false, goog:chromeOptions: {debuggerAddress: localhost:49793}, handlesAlerts: true, hasTouchScreen: false, javascriptEnabled: true, locationContextEnabled: true, mobileEmulationEnabled: false, nativeEvents: true, networkConnectionEnabled: false, pageLoadStrategy: normal, platform: MAC, platformName: MAC, proxy: Proxy(), rotatable: false, setWindowRect: true, takesHeapSnapshot: true, takesScreenshot: true, timeouts: {implicit: 0, pageLoad: 300000, script: 30000}, unexpectedAlertBehaviour: ignore, unhandledPromptBehavior: ignore, version: 75.0.3770.100, webStorageEnabled: true}
Session ID: bab79c8c315ea7cd4abea1410ef28b5b
*** Element info: {Using=css selector, value=div.content-block___Kf-lC[data-qa='contentBlock-promotionConfigurations-toolbar']}
at sun.reflect.NativeConstructorAccessorImpl.newInstance0(Native Method)
at sun.reflect.NativeConstructorAccessorImpl.newInstance(NativeConstructorAccessorImpl.java:62)
at sun.reflect.DelegatingConstructorAccessorImpl.newInstance(DelegatingConstructorAccessorImpl.java:45)
at java.lang.reflect.Constructor.newInstance(Constructor.java:423)
at org.openqa.selenium.remote.ErrorHandler.createThrowable(ErrorHandler.java:214)
at org.openqa.selenium.remote.ErrorHandler.throwIfResponseFailed(ErrorHandler.java:166)
at org.openqa.selenium.remote.http.JsonHttpResponseCodec.reconstructValue(JsonHttpResponseCodec.java:40)
at org.openqa.selenium.remote.http.AbstractHttpResponseCodec.decode(AbstractHttpResponseCodec.java:80)
at org.openqa.selenium.remote.http.AbstractHttpResponseCodec.decode(AbstractHttpResponseCodec.java:44)
at org.openqa.selenium.remote.HttpCommandExecutor.execute(HttpCommandExecutor.java:158)
at org.openqa.selenium.remote.service.DriverCommandExecutor.execute(DriverCommandExecutor.java:83)
at org.openqa.selenium.remote.RemoteWebDriver.execute(RemoteWebDriver.java:548)
at org.openqa.selenium.remote.RemoteWebDriver.findElement(RemoteWebDriver.java:322)
at org.openqa.selenium.remote.RemoteWebDriver.findElementByCssSelector(RemoteWebDriver.java:416)
at org.openqa.selenium.By$ByCssSelector.findElement(By.java:430)
at org.openqa.selenium.remote.RemoteWebDriver.findElement(RemoteWebDriver.java:314)
at org.openqa.selenium.support.pagefactory.DefaultElementLocator.findElement(DefaultElementLocator.java:69)
at org.openqa.selenium.support.pagefactory.internal.LocatingElementHandler.invoke(LocatingElementHandler.java:38)
at com.sun.proxy.$Proxy15.getLocation(Unknown Source)
at com.test.uat.TC_02_Sumo.UI.ID_01_Promotions.noSelectionBtnState(ID_01_Promotions.java:104)
at sun.reflect.NativeMethodAccessorImpl.invoke0(Native Method)
at sun.reflect.NativeMethodAccessorImpl.invoke(NativeMethodAccessorImpl.java:62)
at sun.reflect.DelegatingMethodAccessorImpl.invoke(DelegatingMethodAccessorImpl.java:43)
at java.lang.reflect.Method.invoke(Method.java:498)
at org.testng.internal.MethodInvocationHelper.invokeMethod(MethodInvocationHelper.java:124)
at org.testng.internal.Invoker.invokeMethod(Invoker.java:580)
at org.testng.internal.Invoker.invokeTestMethod(Invoker.java:716)
at org.testng.internal.Invoker.invokeTestMethods(Invoker.java:988)
at org.testng.internal.TestMethodWorker.invokeTestMethods(TestMethodWorker.java:125)
at org.testng.internal.TestMethodWorker.run(TestMethodWorker.java:109)
at org.testng.TestRunner.privateRun(TestRunner.java:648)
at org.testng.TestRunner.run(TestRunner.java:505)
at org.testng.SuiteRunner.runTest(SuiteRunner.java:455)
at org.testng.SuiteRunner.access$000(SuiteRunner.java:40)
at org.testng.SuiteRunner$SuiteWorker.run(SuiteRunner.java:489)
at org.testng.internal.thread.ThreadUtil$1.call(ThreadUtil.java:52)
at java.util.concurrent.FutureTask.run(FutureTask.java:266)
at java.util.concurrent.ThreadPoolExecutor.runWorker(ThreadPoolExecutor.java:1149)
at java.util.concurrent.ThreadPoolExecutor$Worker.run(ThreadPoolExecutor.java:624)
at java.lang.Thread.run(Thread.java:813)
]]>
            </full-stacktrace>
          </exception> <!-- org.openqa.selenium.NoSuchElementException -->
          <reporter-output>
          </reporter-output>
        </test-method> <!-- noSelectionBtnState -->
        <test-method status="PASS" signature="report(org.testng.ITestResult)[pri:0, instance:com.test.uat.TC_02_Sumo.UI.ID_01_Promotions@f9fa961d]" name="report" is-config="true" duration-ms="1522" started-at="2019-07-24T15:49:47Z" finished-at="2019-07-24T15:49:48Z">
          <params>
            <param index="0">
              <value>
                <![CDATA[[TestResult name=noSelectionBtnState status=FAILURE method=ID_01_Promotions.noSelectionBtnState(java.lang.reflect.Method)[pri:0, instance:com.test.uat.TC_02_Sumo.UI.ID_01_Promotions@f9fa961d] output={null}]]]>
              </value>
            </param>
          </params>
          <reporter-output>
          </reporter-output>
        </test-method> <!-- report -->
        <test-method status="FAIL" signature="selectionBtnState()[pri:0, instance:com.test.uat.TC_02_Sumo.UI.ID_01_Promotions@f9fa961d]" name="selectionBtnState" duration-ms="15" started-at="2019-07-24T15:49:48Z" finished-at="2019-07-24T15:49:48Z">
          <exception class="org.openqa.selenium.NoSuchElementException">
            <message>
              <![CDATA[no such element: Unable to locate element: {"method":"css selector","selector":"label.checkbox___2HPJM"}
  (Session info: chrome=75.0.3770.100)
  (Driver info: chromedriver=72.0.3626.7 (efcef9a3ecda02b2132af215116a03852d08b9cb),platform=Mac OS X 10.14.6 x86_64) (WARNING: The server did not provide any stacktrace information)
Command duration or timeout: 0 milliseconds
For documentation on this error, please visit: http://seleniumhq.org/exceptions/no_such_element.html
Build info: version: 'unknown', revision: 'unknown', time: 'unknown'
System info: host: 'BUL0000566.local', ip: '10.160.8.106', os.name: 'Mac OS X', os.arch: 'amd64', os.version: '10.14.6', java.version: '1.8.0_212'
Driver info: org.openqa.selenium.chrome.ChromeDriver
Capabilities {acceptInsecureCerts: false, acceptSslCerts: false, applicationCacheEnabled: false, browserConnectionEnabled: false, browserName: chrome, chrome: {chromedriverVersion: 72.0.3626.7 (efcef9a3ecda02..., userDataDir: /var/folders/qt/qkf6d8qs7ml...}, cssSelectorsEnabled: true, databaseEnabled: false, goog:chromeOptions: {debuggerAddress: localhost:49793}, handlesAlerts: true, hasTouchScreen: false, javascriptEnabled: true, locationContextEnabled: true, mobileEmulationEnabled: false, nativeEvents: true, networkConnectionEnabled: false, pageLoadStrategy: normal, platform: MAC, platformName: MAC, proxy: Proxy(), rotatable: false, setWindowRect: true, takesHeapSnapshot: true, takesScreenshot: true, timeouts: {implicit: 0, pageLoad: 300000, script: 30000}, unexpectedAlertBehaviour: ignore, unhandledPromptBehavior: ignore, version: 75.0.3770.100, webStorageEnabled: true}
Session ID: bab79c8c315ea7cd4abea1410ef28b5b
*** Element info: {Using=css selector, value=label.checkbox___2HPJM}]]>
            </message>
            <full-stacktrace>
              <![CDATA[org.openqa.selenium.NoSuchElementException: no such element: Unable to locate element: {"method":"css selector","selector":"label.checkbox___2HPJM"}
  (Session info: chrome=75.0.3770.100)
  (Driver info: chromedriver=72.0.3626.7 (efcef9a3ecda02b2132af215116a03852d08b9cb),platform=Mac OS X 10.14.6 x86_64) (WARNING: The server did not provide any stacktrace information)
Command duration or timeout: 0 milliseconds
For documentation on this error, please visit: http://seleniumhq.org/exceptions/no_such_element.html
Build info: version: 'unknown', revision: 'unknown', time: 'unknown'
System info: host: 'BUL0000566.local', ip: '10.160.8.106', os.name: 'Mac OS X', os.arch: 'amd64', os.version: '10.14.6', java.version: '1.8.0_212'
Driver info: org.openqa.selenium.chrome.ChromeDriver
Capabilities {acceptInsecureCerts: false, acceptSslCerts: false, applicationCacheEnabled: false, browserConnectionEnabled: false, browserName: chrome, chrome: {chromedriverVersion: 72.0.3626.7 (efcef9a3ecda02..., userDataDir: /var/folders/qt/qkf6d8qs7ml...}, cssSelectorsEnabled: true, databaseEnabled: false, goog:chromeOptions: {debuggerAddress: localhost:49793}, handlesAlerts: true, hasTouchScreen: false, javascriptEnabled: true, locationContextEnabled: true, mobileEmulationEnabled: false, nativeEvents: true, networkConnectionEnabled: false, pageLoadStrategy: normal, platform: MAC, platformName: MAC, proxy: Proxy(), rotatable: false, setWindowRect: true, takesHeapSnapshot: true, takesScreenshot: true, timeouts: {implicit: 0, pageLoad: 300000, script: 30000}, unexpectedAlertBehaviour: ignore, unhandledPromptBehavior: ignore, version: 75.0.3770.100, webStorageEnabled: true}
Session ID: bab79c8c315ea7cd4abea1410ef28b5b
*** Element info: {Using=css selector, value=label.checkbox___2HPJM}
at sun.reflect.NativeConstructorAccessorImpl.newInstance0(Native Method)
at sun.reflect.NativeConstructorAccessorImpl.newInstance(NativeConstructorAccessorImpl.java:62)
at sun.reflect.DelegatingConstructorAccessorImpl.newInstance(DelegatingConstructorAccessorImpl.java:45)
at java.lang.reflect.Constructor.newInstance(Constructor.java:423)
at org.openqa.selenium.remote.ErrorHandler.createThrowable(ErrorHandler.java:214)
at org.openqa.selenium.remote.ErrorHandler.throwIfResponseFailed(ErrorHandler.java:166)
at org.openqa.selenium.remote.http.JsonHttpResponseCodec.reconstructValue(JsonHttpResponseCodec.java:40)
at org.openqa.selenium.remote.http.AbstractHttpResponseCodec.decode(AbstractHttpResponseCodec.java:80)
at org.openqa.selenium.remote.http.AbstractHttpResponseCodec.decode(AbstractHttpResponseCodec.java:44)
at org.openqa.selenium.remote.HttpCommandExecutor.execute(HttpCommandExecutor.java:158)
at org.openqa.selenium.remote.service.DriverCommandExecutor.execute(DriverCommandExecutor.java:83)
at org.openqa.selenium.remote.RemoteWebDriver.execute(RemoteWebDriver.java:548)
at org.openqa.selenium.remote.RemoteWebDriver.findElement(RemoteWebDriver.java:322)
at org.openqa.selenium.remote.RemoteWebDriver.findElementByCssSelector(RemoteWebDriver.java:416)
at org.openqa.selenium.By$ByCssSelector.findElement(By.java:430)
at org.openqa.selenium.remote.RemoteWebDriver.findElement(RemoteWebDriver.java:314)
at org.openqa.selenium.support.pagefactory.DefaultElementLocator.findElement(DefaultElementLocator.java:69)
at org.openqa.selenium.support.pagefactory.internal.LocatingElementHandler.invoke(LocatingElementHandler.java:38)
at com.sun.proxy.$Proxy15.click(Unknown Source)
at com.test.uat.TC_02_Sumo.UI.ID_01_Promotions.selectionBtnState(ID_01_Promotions.java:129)
at sun.reflect.NativeMethodAccessorImpl.invoke0(Native Method)
at sun.reflect.NativeMethodAccessorImpl.invoke(NativeMethodAccessorImpl.java:62)
at sun.reflect.DelegatingMethodAccessorImpl.invoke(DelegatingMethodAccessorImpl.java:43)
at java.lang.reflect.Method.invoke(Method.java:498)
at org.testng.internal.MethodInvocationHelper.invokeMethod(MethodInvocationHelper.java:124)
at org.testng.internal.Invoker.invokeMethod(Invoker.java:580)
at org.testng.internal.Invoker.invokeTestMethod(Invoker.java:716)
at org.testng.internal.Invoker.invokeTestMethods(Invoker.java:988)
at org.testng.internal.TestMethodWorker.invokeTestMethods(TestMethodWorker.java:125)
at org.testng.internal.TestMethodWorker.run(TestMethodWorker.java:109)
at org.testng.TestRunner.privateRun(TestRunner.java:648)
at org.testng.TestRunner.run(TestRunner.java:505)
at org.testng.SuiteRunner.runTest(SuiteRunner.java:455)
at org.testng.SuiteRunner.access$000(SuiteRunner.java:40)
at org.testng.SuiteRunner$SuiteWorker.run(SuiteRunner.java:489)
at org.testng.internal.thread.ThreadUtil$1.call(ThreadUtil.java:52)
at java.util.concurrent.FutureTask.run(FutureTask.java:266)
at java.util.concurrent.ThreadPoolExecutor.runWorker(ThreadPoolExecutor.java:1149)
at java.util.concurrent.ThreadPoolExecutor$Worker.run(ThreadPoolExecutor.java:624)
at java.lang.Thread.run(Thread.java:813)
]]>
            </full-stacktrace>
          </exception> <!-- org.openqa.selenium.NoSuchElementException -->
          <reporter-output>
          </reporter-output>
        </test-method> <!-- selectionBtnState -->
        <test-method status="PASS" signature="report(org.testng.ITestResult)[pri:0, instance:com.test.uat.TC_02_Sumo.UI.ID_01_Promotions@f9fa961d]" name="report" is-config="true" duration-ms="1469" started-at="2019-07-24T15:49:48Z" finished-at="2019-07-24T15:49:50Z">
          <params>
            <param index="0">
              <value>
                <![CDATA[[TestResult name=selectionBtnState status=FAILURE method=ID_01_Promotions.selectionBtnState()[pri:0, instance:com.test.uat.TC_02_Sumo.UI.ID_01_Promotions@f9fa961d] output={null}]]]>
              </value>
            </param>
          </params>
          <reporter-output>
          </reporter-output>
        </test-method> <!-- report -->
        <test-method status="FAIL" signature="checkTable()[pri:0, instance:com.test.uat.TC_02_Sumo.UI.ID_01_Promotions@f9fa961d]" name="checkTable" duration-ms="175" started-at="2019-07-24T15:49:50Z" finished-at="2019-07-24T15:49:50Z">
          <exception class="org.openqa.selenium.NoSuchElementException">
            <message>
              <![CDATA[no such element: Unable to locate element: {"method":"css selector","selector":"tr.row___2FvyH[data-qa='tableRowWrapper-header']"}
  (Session info: chrome=75.0.3770.100)
  (Driver info: chromedriver=72.0.3626.7 (efcef9a3ecda02b2132af215116a03852d08b9cb),platform=Mac OS X 10.14.6 x86_64) (WARNING: The server did not provide any stacktrace information)
Command duration or timeout: 0 milliseconds
For documentation on this error, please visit: http://seleniumhq.org/exceptions/no_such_element.html
Build info: version: 'unknown', revision: 'unknown', time: 'unknown'
System info: host: 'BUL0000566.local', ip: '10.160.8.106', os.name: 'Mac OS X', os.arch: 'amd64', os.version: '10.14.6', java.version: '1.8.0_212'
Driver info: org.openqa.selenium.chrome.ChromeDriver
Capabilities {acceptInsecureCerts: false, acceptSslCerts: false, applicationCacheEnabled: false, browserConnectionEnabled: false, browserName: chrome, chrome: {chromedriverVersion: 72.0.3626.7 (efcef9a3ecda02..., userDataDir: /var/folders/qt/qkf6d8qs7ml...}, cssSelectorsEnabled: true, databaseEnabled: false, goog:chromeOptions: {debuggerAddress: localhost:49793}, handlesAlerts: true, hasTouchScreen: false, javascriptEnabled: true, locationContextEnabled: true, mobileEmulationEnabled: false, nativeEvents: true, networkConnectionEnabled: false, pageLoadStrategy: normal, platform: MAC, platformName: MAC, proxy: Proxy(), rotatable: false, setWindowRect: true, takesHeapSnapshot: true, takesScreenshot: true, timeouts: {implicit: 0, pageLoad: 300000, script: 30000}, unexpectedAlertBehaviour: ignore, unhandledPromptBehavior: ignore, version: 75.0.3770.100, webStorageEnabled: true}
Session ID: bab79c8c315ea7cd4abea1410ef28b5b
*** Element info: {Using=css selector, value=tr.row___2FvyH[data-qa='tableRowWrapper-header']}]]>
            </message>
            <full-stacktrace>
              <![CDATA[org.openqa.selenium.NoSuchElementException: no such element: Unable to locate element: {"method":"css selector","selector":"tr.row___2FvyH[data-qa='tableRowWrapper-header']"}
  (Session info: chrome=75.0.3770.100)
  (Driver info: chromedriver=72.0.3626.7 (efcef9a3ecda02b2132af215116a03852d08b9cb),platform=Mac OS X 10.14.6 x86_64) (WARNING: The server did not provide any stacktrace information)
Command duration or timeout: 0 milliseconds
For documentation on this error, please visit: http://seleniumhq.org/exceptions/no_such_element.html
Build info: version: 'unknown', revision: 'unknown', time: 'unknown'
System info: host: 'BUL0000566.local', ip: '10.160.8.106', os.name: 'Mac OS X', os.arch: 'amd64', os.version: '10.14.6', java.version: '1.8.0_212'
Driver info: org.openqa.selenium.chrome.ChromeDriver
Capabilities {acceptInsecureCerts: false, acceptSslCerts: false, applicationCacheEnabled: false, browserConnectionEnabled: false, browserName: chrome, chrome: {chromedriverVersion: 72.0.3626.7 (efcef9a3ecda02..., userDataDir: /var/folders/qt/qkf6d8qs7ml...}, cssSelectorsEnabled: true, databaseEnabled: false, goog:chromeOptions: {debuggerAddress: localhost:49793}, handlesAlerts: true, hasTouchScreen: false, javascriptEnabled: true, locationContextEnabled: true, mobileEmulationEnabled: false, nativeEvents: true, networkConnectionEnabled: false, pageLoadStrategy: normal, platform: MAC, platformName: MAC, proxy: Proxy(), rotatable: false, setWindowRect: true, takesHeapSnapshot: true, takesScreenshot: true, timeouts: {implicit: 0, pageLoad: 300000, script: 30000}, unexpectedAlertBehaviour: ignore, unhandledPromptBehavior: ignore, version: 75.0.3770.100, webStorageEnabled: true}
Session ID: bab79c8c315ea7cd4abea1410ef28b5b
*** Element info: {Using=css selector, value=tr.row___2FvyH[data-qa='tableRowWrapper-header']}
at sun.reflect.NativeConstructorAccessorImpl.newInstance0(Native Method)
at sun.reflect.NativeConstructorAccessorImpl.newInstance(NativeConstructorAccessorImpl.java:62)
at sun.reflect.DelegatingConstructorAccessorImpl.newInstance(DelegatingConstructorAccessorImpl.java:45)
at java.lang.reflect.Constructor.newInstance(Constructor.java:423)
at org.openqa.selenium.remote.ErrorHandler.createThrowable(ErrorHandler.java:214)
at org.openqa.selenium.remote.ErrorHandler.throwIfResponseFailed(ErrorHandler.java:166)
at org.openqa.selenium.remote.http.JsonHttpResponseCodec.reconstructValue(JsonHttpResponseCodec.java:40)
at org.openqa.selenium.remote.http.AbstractHttpResponseCodec.decode(AbstractHttpResponseCodec.java:80)
at org.openqa.selenium.remote.http.AbstractHttpResponseCodec.decode(AbstractHttpResponseCodec.java:44)
at org.openqa.selenium.remote.HttpCommandExecutor.execute(HttpCommandExecutor.java:158)
at org.openqa.selenium.remote.service.DriverCommandExecutor.execute(DriverCommandExecutor.java:83)
at org.openqa.selenium.remote.RemoteWebDriver.execute(RemoteWebDriver.java:548)
at org.openqa.selenium.remote.RemoteWebDriver.findElement(RemoteWebDriver.java:322)
at org.openqa.selenium.remote.RemoteWebDriver.findElementByCssSelector(RemoteWebDriver.java:416)
at org.openqa.selenium.By$ByCssSelector.findElement(By.java:430)
at org.openqa.selenium.remote.RemoteWebDriver.findElement(RemoteWebDriver.java:314)
at org.openqa.selenium.support.pagefactory.DefaultElementLocator.findElement(DefaultElementLocator.java:69)
at org.openqa.selenium.support.pagefactory.internal.LocatingElementHandler.invoke(LocatingElementHandler.java:38)
at com.sun.proxy.$Proxy15.getLocation(Unknown Source)
at com.test.uat.TC_02_Sumo.UI.ID_01_Promotions.checkTable(ID_01_Promotions.java:163)
at sun.reflect.NativeMethodAccessorImpl.invoke0(Native Method)
at sun.reflect.NativeMethodAccessorImpl.invoke(NativeMethodAccessorImpl.java:62)
at sun.reflect.DelegatingMethodAccessorImpl.invoke(DelegatingMethodAccessorImpl.java:43)
at java.lang.reflect.Method.invoke(Method.java:498)
at org.testng.internal.MethodInvocationHelper.invokeMethod(MethodInvocationHelper.java:124)
at org.testng.internal.Invoker.invokeMethod(Invoker.java:580)
at org.testng.internal.Invoker.invokeTestMethod(Invoker.java:716)
at org.testng.internal.Invoker.invokeTestMethods(Invoker.java:988)
at org.testng.internal.TestMethodWorker.invokeTestMethods(TestMethodWorker.java:125)
at org.testng.internal.TestMethodWorker.run(TestMethodWorker.java:109)
at org.testng.TestRunner.privateRun(TestRunner.java:648)
at org.testng.TestRunner.run(TestRunner.java:505)
at org.testng.SuiteRunner.runTest(SuiteRunner.java:455)
at org.testng.SuiteRunner.access$000(SuiteRunner.java:40)
at org.testng.SuiteRunner$SuiteWorker.run(SuiteRunner.java:489)
at org.testng.internal.thread.ThreadUtil$1.call(ThreadUtil.java:52)
at java.util.concurrent.FutureTask.run(FutureTask.java:266)
at java.util.concurrent.ThreadPoolExecutor.runWorker(ThreadPoolExecutor.java:1149)
at java.util.concurrent.ThreadPoolExecutor$Worker.run(ThreadPoolExecutor.java:624)
at java.lang.Thread.run(Thread.java:813)
]]>
            </full-stacktrace>
          </exception> <!-- org.openqa.selenium.NoSuchElementException -->
          <reporter-output>
          </reporter-output>
        </test-method> <!-- checkTable -->
        <test-method status="PASS" signature="report(org.testng.ITestResult)[pri:0, instance:com.test.uat.TC_02_Sumo.UI.ID_01_Promotions@f9fa961d]" name="report" is-config="true" duration-ms="1502" started-at="2019-07-24T15:49:50Z" finished-at="2019-07-24T15:49:52Z">
          <params>
            <param index="0">
              <value>
                <![CDATA[[TestResult name=checkTable status=FAILURE method=ID_01_Promotions.checkTable()[pri:0, instance:com.test.uat.TC_02_Sumo.UI.ID_01_Promotions@f9fa961d] output={null}]]]>
              </value>
            </param>
          </params>
          <reporter-output>
          </reporter-output>
        </test-method> <!-- report -->
      </class> <!-- com.test.uat.TC_02_Sumo.UI.ID_01_Promotions -->
      <class name="com.test.uat.TC_01_Bet.ID_05_GetBetStatus">
        <test-method status="PASS" signature="getBetStatus(java.lang.reflect.Method)[pri:0, instance:com.test.uat.TC_01_Bet.ID_05_GetBetStatus@4b20d2c0]" name="getBetStatus" duration-ms="869" started-at="2019-07-24T15:49:32Z" finished-at="2019-07-24T15:49:33Z">
          <params>
            <param index="0">
              <value>
                <![CDATA[public void com.test.uat.TC_01_Bet.ID_05_GetBetStatus.getBetStatus(java.lang.reflect.Method) throws java.lang.Exception]]>
              </value>
            </param>
          </params>
          <reporter-output>
          </reporter-output>
        </test-method> <!-- getBetStatus -->
        <test-method status="PASS" signature="startTest()[pri:0, instance:com.test.uat.TC_01_Bet.ID_05_GetBetStatus@4b20d2c0]" name="startTest" is-config="true" duration-ms="0" started-at="2019-07-24T15:49:32Z" finished-at="2019-07-24T15:49:32Z">
          <reporter-output>
          </reporter-output>
        </test-method> <!-- startTest -->
        <test-method status="PASS" signature="report(org.testng.ITestResult)[pri:0, instance:com.test.uat.TC_01_Bet.ID_05_GetBetStatus@4b20d2c0]" name="report" is-config="true" duration-ms="1" started-at="2019-07-24T15:49:33Z" finished-at="2019-07-24T15:49:33Z">
          <params>
            <param index="0">
              <value>
                <![CDATA[[TestResult name=getBetStatus status=SUCCESS method=ID_05_GetBetStatus.getBetStatus(java.lang.reflect.Method)[pri:0, instance:com.test.uat.TC_01_Bet.ID_05_GetBetStatus@4b20d2c0] output={null}]]]>
              </value>
            </param>
          </params>
          <reporter-output>
          </reporter-output>
        </test-method> <!-- report -->
      </class> <!-- com.test.uat.TC_01_Bet.ID_05_GetBetStatus -->
      <class name="com.test.uat.TC_01_Bet.ID_01_LogIn">
        <test-method status="PASS" signature="cleanResponseData()[pri:0, instance:com.test.uat.TC_01_Bet.ID_01_LogIn@434b686e]" name="cleanResponseData" is-config="true" duration-ms="10" started-at="2019-07-24T15:49:22Z" finished-at="2019-07-24T15:49:22Z">
          <reporter-output>
          </reporter-output>
        </test-method> <!-- cleanResponseData -->
        <test-method status="PASS" signature="setup(java.lang.String)[pri:0, instance:com.test.uat.TC_01_Bet.ID_01_LogIn@434b686e]" name="setup" is-config="true" duration-ms="1605" started-at="2019-07-24T15:49:22Z" finished-at="2019-07-24T15:49:24Z">
          <params>
            <param index="0">
              <value>
                <![CDATA[chrome]]>
              </value>
            </param>
          </params>
          <reporter-output>
          </reporter-output>
        </test-method> <!-- setup -->
        <test-method status="PASS" signature="startTest()[pri:0, instance:com.test.uat.TC_01_Bet.ID_01_LogIn@434b686e]" name="startTest" is-config="true" duration-ms="110" started-at="2019-07-24T15:49:24Z" finished-at="2019-07-24T15:49:24Z">
          <reporter-output>
          </reporter-output>
        </test-method> <!-- startTest -->
        <test-method status="PASS" signature="loginRam(java.lang.reflect.Method)[pri:0, instance:com.test.uat.TC_01_Bet.ID_01_LogIn@434b686e]" name="loginRam" duration-ms="1856" started-at="2019-07-24T15:49:24Z" finished-at="2019-07-24T15:49:26Z">
          <params>
            <param index="0">
              <value>
                <![CDATA[public void com.test.uat.TC_01_Bet.ID_01_LogIn.loginRam(java.lang.reflect.Method) throws java.lang.Exception]]>
              </value>
            </param>
          </params>
          <reporter-output>
          </reporter-output>
        </test-method> <!-- loginRam -->
        <test-method status="PASS" signature="report(org.testng.ITestResult)[pri:0, instance:com.test.uat.TC_01_Bet.ID_01_LogIn@434b686e]" name="report" is-config="true" duration-ms="54" started-at="2019-07-24T15:49:26Z" finished-at="2019-07-24T15:49:26Z">
          <params>
            <param index="0">
              <value>
                <![CDATA[[TestResult name=loginRam status=SUCCESS method=ID_01_LogIn.loginRam(java.lang.reflect.Method)[pri:0, instance:com.test.uat.TC_01_Bet.ID_01_LogIn@434b686e] output={null}]]]>
              </value>
            </param>
          </params>
          <reporter-output>
          </reporter-output>
        </test-method> <!-- report -->
        <test-method status="PASS" signature="clearXml()[pri:0, instance:com.test.uat.TC_01_Bet.ID_01_LogIn@434b686e]" name="clearXml" is-config="true" duration-ms="0" started-at="2019-07-24T15:49:52Z" finished-at="2019-07-24T15:49:52Z">
          <reporter-output>
          </reporter-output>
        </test-method> <!-- clearXml -->
        <test-method status="PASS" signature="tearDown()[pri:0, instance:com.test.uat.TC_01_Bet.ID_01_LogIn@434b686e]" name="tearDown" is-config="true" duration-ms="608" started-at="2019-07-24T15:49:52Z" depends-on-methods="com.setup.BasicSetup.clearXml" finished-at="2019-07-24T15:49:52Z">
          <reporter-output>
          </reporter-output>
        </test-method> <!-- tearDown -->
      </class> <!-- com.test.uat.TC_01_Bet.ID_01_LogIn -->
      <class name="com.test.uat.TC_01_Bet.ID_07_Cashout">
        <test-method status="PASS" signature="betCashout(java.lang.reflect.Method)[pri:0, instance:com.test.uat.TC_01_Bet.ID_07_Cashout@56a183f1]" name="betCashout" duration-ms="469" started-at="2019-07-24T15:49:33Z" finished-at="2019-07-24T15:49:33Z">
          <params>
            <param index="0">
              <value>
                <![CDATA[public void com.test.uat.TC_01_Bet.ID_07_Cashout.betCashout(java.lang.reflect.Method) throws java.lang.Exception]]>
              </value>
            </param>
          </params>
          <reporter-output>
          </reporter-output>
        </test-method> <!-- betCashout -->
        <test-method status="PASS" signature="startTest()[pri:0, instance:com.test.uat.TC_01_Bet.ID_07_Cashout@56a183f1]" name="startTest" is-config="true" duration-ms="0" started-at="2019-07-24T15:49:33Z" finished-at="2019-07-24T15:49:33Z">
          <reporter-output>
          </reporter-output>
        </test-method> <!-- startTest -->
        <test-method status="PASS" signature="report(org.testng.ITestResult)[pri:0, instance:com.test.uat.TC_01_Bet.ID_07_Cashout@56a183f1]" name="report" is-config="true" duration-ms="1" started-at="2019-07-24T15:49:33Z" finished-at="2019-07-24T15:49:33Z">
          <params>
            <param index="0">
              <value>
                <![CDATA[[TestResult name=betCashout status=SUCCESS method=ID_07_Cashout.betCashout(java.lang.reflect.Method)[pri:0, instance:com.test.uat.TC_01_Bet.ID_07_Cashout@56a183f1] output={null}]]]>
              </value>
            </param>
          </params>
          <reporter-output>
          </reporter-output>
        </test-method> <!-- report -->
      </class> <!-- com.test.uat.TC_01_Bet.ID_07_Cashout -->
      <class name="com.test.uat.TC_01_Bet.ID_08_GetSportsTree">
        <test-method status="PASS" signature="getSportsTree(java.lang.reflect.Method)[pri:0, instance:com.test.uat.TC_01_Bet.ID_08_GetSportsTree@853cb259]" name="getSportsTree" duration-ms="1970" started-at="2019-07-24T15:49:33Z" finished-at="2019-07-24T15:49:35Z">
          <params>
            <param index="0">
              <value>
                <![CDATA[public void com.test.uat.TC_01_Bet.ID_08_GetSportsTree.getSportsTree(java.lang.reflect.Method) throws java.lang.Exception]]>
              </value>
            </param>
          </params>
          <reporter-output>
          </reporter-output>
        </test-method> <!-- getSportsTree -->
        <test-method status="PASS" signature="startTest()[pri:0, instance:com.test.uat.TC_01_Bet.ID_08_GetSportsTree@853cb259]" name="startTest" is-config="true" duration-ms="0" started-at="2019-07-24T15:49:33Z" finished-at="2019-07-24T15:49:33Z">
          <reporter-output>
          </reporter-output>
        </test-method> <!-- startTest -->
        <test-method status="PASS" signature="report(org.testng.ITestResult)[pri:0, instance:com.test.uat.TC_01_Bet.ID_08_GetSportsTree@853cb259]" name="report" is-config="true" duration-ms="253" started-at="2019-07-24T15:49:35Z" finished-at="2019-07-24T15:49:36Z">
          <params>
            <param index="0">
              <value>
                <![CDATA[[TestResult name=getSportsTree status=SUCCESS method=ID_08_GetSportsTree.getSportsTree(java.lang.reflect.Method)[pri:0, instance:com.test.uat.TC_01_Bet.ID_08_GetSportsTree@853cb259] output={null}]]]>
              </value>
            </param>
          </params>
          <reporter-output>
          </reporter-output>
        </test-method> <!-- report -->
      </class> <!-- com.test.uat.TC_01_Bet.ID_08_GetSportsTree -->
      <class name="com.test.uat.TC_01_Bet.ID_02_ExternalLogin">
        <test-method status="PASS" signature="startTest()[pri:0, instance:com.test.uat.TC_01_Bet.ID_02_ExternalLogin@648730a5]" name="startTest" is-config="true" duration-ms="0" started-at="2019-07-24T15:49:26Z" finished-at="2019-07-24T15:49:26Z">
          <reporter-output>
          </reporter-output>
        </test-method> <!-- startTest -->
        <test-method status="PASS" signature="externalLogin(java.lang.reflect.Method)[pri:0, instance:com.test.uat.TC_01_Bet.ID_02_ExternalLogin@648730a5]" name="externalLogin" duration-ms="821" started-at="2019-07-24T15:49:26Z" finished-at="2019-07-24T15:49:27Z">
          <params>
            <param index="0">
              <value>
                <![CDATA[public void com.test.uat.TC_01_Bet.ID_02_ExternalLogin.externalLogin(java.lang.reflect.Method) throws java.lang.Exception]]>
              </value>
            </param>
          </params>
          <reporter-output>
          </reporter-output>
        </test-method> <!-- externalLogin -->
        <test-method status="PASS" signature="report(org.testng.ITestResult)[pri:0, instance:com.test.uat.TC_01_Bet.ID_02_ExternalLogin@648730a5]" name="report" is-config="true" duration-ms="3" started-at="2019-07-24T15:49:27Z" finished-at="2019-07-24T15:49:27Z">
          <params>
            <param index="0">
              <value>
                <![CDATA[[TestResult name=externalLogin status=SUCCESS method=ID_02_ExternalLogin.externalLogin(java.lang.reflect.Method)[pri:0, instance:com.test.uat.TC_01_Bet.ID_02_ExternalLogin@648730a5] output={null}]]]>
              </value>
            </param>
          </params>
          <reporter-output>
          </reporter-output>
        </test-method> <!-- report -->
      </class> <!-- com.test.uat.TC_01_Bet.ID_02_ExternalLogin -->
      <class name="com.test.uat.TC_01_Bet.ID_03_GetOpenBets">
        <test-method status="PASS" signature="startTest()[pri:0, instance:com.test.uat.TC_01_Bet.ID_03_GetOpenBets@ae6dfb7b]" name="startTest" is-config="true" duration-ms="1" started-at="2019-07-24T15:49:27Z" finished-at="2019-07-24T15:49:27Z">
          <reporter-output>
          </reporter-output>
        </test-method> <!-- startTest -->
        <test-method status="PASS" signature="getOpenBets(java.lang.reflect.Method)[pri:0, instance:com.test.uat.TC_01_Bet.ID_03_GetOpenBets@ae6dfb7b]" name="getOpenBets" duration-ms="3820" started-at="2019-07-24T15:49:27Z" finished-at="2019-07-24T15:49:31Z">
          <params>
            <param index="0">
              <value>
                <![CDATA[public void com.test.uat.TC_01_Bet.ID_03_GetOpenBets.getOpenBets(java.lang.reflect.Method) throws java.lang.Exception]]>
              </value>
            </param>
          </params>
          <reporter-output>
          </reporter-output>
        </test-method> <!-- getOpenBets -->
        <test-method status="PASS" signature="report(org.testng.ITestResult)[pri:0, instance:com.test.uat.TC_01_Bet.ID_03_GetOpenBets@ae6dfb7b]" name="report" is-config="true" duration-ms="163" started-at="2019-07-24T15:49:31Z" finished-at="2019-07-24T15:49:31Z">
          <params>
            <param index="0">
              <value>
                <![CDATA[[TestResult name=getOpenBets status=SUCCESS method=ID_03_GetOpenBets.getOpenBets(java.lang.reflect.Method)[pri:0, instance:com.test.uat.TC_01_Bet.ID_03_GetOpenBets@ae6dfb7b] output={null}]]]>
              </value>
            </param>
          </params>
          <reporter-output>
          </reporter-output>
        </test-method> <!-- report -->
      </class> <!-- com.test.uat.TC_01_Bet.ID_03_GetOpenBets -->
    </test> <!-- TC_01_Example -->
  </suite> <!-- TC_001 -->
</testng-results>
