<?xml version="1.0" encoding="UTF-8"?>
<!-- Generated by org.testng.reporters.JUnitReportReporter -->
<testsuite hostname="StationOne-PC" failures="0" tests="3" name="com.demo.tests.frontend.TC_03_OpenHomePage" time="0.004" errors="1" timestamp="07 фев 2020 16:39:33 GMT" skipped="2">
  <testcase classname="com.demo.tests.frontend.TC_03_OpenHomePage" name="browserConfig" time="0.001">
    <error message="
Parameter &#039;browser&#039; is required by BeforeSuite on method browserConfig but has not been marked @Optional or defined
in C:\Users\StationOne\.IntelliJIdea2018.1\system\temp-testng-customsuite.xml" type="org.testng.TestNGException">
      <![CDATA[org.testng.TestNGException: 
Parameter 'browser' is required by BeforeSuite on method browserConfig but has not been marked @Optional or defined
in C:\Users\StationOne\.IntelliJIdea2018.1\system\temp-testng-customsuite.xml
at org.testng.internal.Parameters.createParams(Parameters.java:290)
at org.testng.internal.Parameters.createParametersForMethod(Parameters.java:359)
at org.testng.internal.Parameters.createParameters(Parameters.java:620)
at org.testng.internal.Parameters.createConfigurationParameters(Parameters.java:190)
at org.testng.internal.Invoker.invokeConfigurations(Invoker.java:209)
at org.testng.internal.Invoker.invokeConfigurations(Invoker.java:142)
at org.testng.SuiteRunner.privateRun(SuiteRunner.java:401)
at org.testng.SuiteRunner.run(SuiteRunner.java:364)
at org.testng.SuiteRunnerWorker.runSuite(SuiteRunnerWorker.java:52)
at org.testng.SuiteRunnerWorker.run(SuiteRunnerWorker.java:84)
at org.testng.TestNG.runSuitesSequentially(TestNG.java:1208)
at org.testng.TestNG.runSuitesLocally(TestNG.java:1137)
at org.testng.TestNG.runSuites(TestNG.java:1049)
at org.testng.TestNG.run(TestNG.java:1017)
at org.testng.IDEARemoteTestNG.run(IDEARemoteTestNG.java:72)
at org.testng.RemoteTestNGStarter.main(RemoteTestNGStarter.java:123)
]]>
    </error>
  </testcase> <!-- browserConfig -->
  <testcase classname="com.demo.tests.frontend.TC_03_OpenHomePage" name="log" time="0.003">
    <skipped/>
  </testcase> <!-- log -->
  <testcase classname="com.demo.tests.frontend.TC_03_OpenHomePage" name="loadHomePage" time="0.000">
    <skipped/>
  </testcase> <!-- loadHomePage -->
</testsuite> <!-- com.demo.tests.frontend.TC_03_OpenHomePage -->
